<?xml version="1.0" encoding="utf-8"?>
<TestRun id="8552464a-487a-476b-8f8a-4f0d291b2d3f" name="USUARIO@X 2026-04-30 11:27:27" runUser="X\USUARIO" xmlns="http://microsoft.com/schemas/VisualStudio/TeamTest/2010">
  <Times creation="2026-04-30T11:27:27.8326824-04:00" queuing="2026-04-30T11:27:27.8326827-04:00" start="2026-04-30T11:27:26.7630936-04:00" finish="2026-04-30T11:27:29.3015925-04:00" />
  <TestSettings name="default" id="404f2193-3c98-418a-9551-31595012ec0e">
    <Deployment runDeploymentRoot="USUARIO_X_2026-04-30_11_27_27" />
  </TestSettings>
  <Results>
    <UnitTestResult executionId="a5b466f9-001d-4fbd-bc48-d62eaedad029" testId="3610113e-986f-aa98-5a5a-eccd0e053398" testName="Actualizar_IdInvalido_RetornaInvalid" computerName="X" duration="00:00:00.0009700" startTime="2026-04-30T11:27:28.8530607-04:00" endTime="2026-04-30T11:27:28.8540300-04:00" testType="13cdc9d9-ddb5-4fa4-a97d-d965ccfc6d4b" outcome="Passed" testListId="8c84fa94-04c1-424b-9868-57a2d4851a1d" relativeResultsDirectory="a5b466f9-001d-4fbd-bc48-d62eaedad029" />
    <UnitTestResult executionId="c2894e7d-9ee4-4ad7-a7a7-ffb0cd579929" testId="a44c60a7-40f8-b25f-bde7-e0e4df4b364e" testName="GetCarreras_SinDatos_RetornaOkVacia" computerName="X" duration="00:00:00.0004720" startTime="2026-04-30T11:27:28.0127466-04:00" endTime="2026-04-30T11:27:28.0132182-04:00" testType="13cdc9d9-ddb5-4fa4-a97d-d965ccfc6d4b" outcome="Passed" testListId="8c84fa94-04c1-424b-9868-57a2d4851a1d" relativeResultsDirectory="c2894e7d-9ee4-4ad7-a7a7-ffb0cd579929" />
    <UnitTestResult executionId="c2023298-f0c4-4737-9e81-9641f899fb1b" testId="6f363c28-d496-901b-8d58-2b96945964c8" testName="ActualizarAccesorio_Invalido_RetornaBadRequest(ActualizarAccesorioComando { Id = 0, Nombre = Inválido, Modelo = , Tipo = , CodigoIMT = , Descripcion = , Precio = , UrlDataSheet =  },IMT_Reservas.Server.Shared.Common.ErrorIdInvalido: El ID Id inválido es requerido y debe ser mayor a 0)" computerName="X" duration="00:00:00.0409980" startTime="2026-04-30T11:27:27.6692101-04:00" endTime="2026-04-30T11:27:27.7100989-04:00" testType="13cdc9d9-ddb5-4fa4-a97d-d965ccfc6d4b" outcome="Passed" testListId="8c84fa94-04c1-424b-9868-57a2d4851a1d" relativeResultsDirectory="c2023298-f0c4-4737-9e81-9641f899fb1b" />
    <UnitTestResult executionId="dab244ab-92a7-4a20-afee-efcbe36d06a9" testId="48f75e94-74f0-4320-778e-6eb14f27fb98" testName="ObtenerTodos_LlamaEjecutarFuncion_YRetornaDataTable" computerName="X" duration="00:00:00.0026430" startTime="2026-04-30T11:27:28.4559536-04:00" endTime="2026-04-30T11:27:28.4585974-04:00" testType="13cdc9d9-ddb5-4fa4-a97d-d965ccfc6d4b" outcome="Failed" testListId="8c84fa94-04c1-424b-9868-57a2d4851a1d" relativeResultsDirectory="dab244ab-92a7-4a20-afee-efcbe36d06a9">
      <Output>
        <ErrorInfo>
          <Message>System.NullReferenceException : Object reference not set to an instance of an object.</Message>
          <StackTrace>   at EquipoRepository.ObtenerTodos() in C:\Users\USUARIO\Documents\5_SEMESTRE\UCB_Hold\UCB_Hold\Code\Server\src\Infrastructure\Repositories\Implementations\EquipoRepository.cs:line 91&#xD;
   at IMT_Reservas.Tests.RepositoryTests.EquipoRepositoryTest.ObtenerTodos_LlamaEjecutarFuncion_YRetornaDataTable() in C:\Users\USUARIO\Documents\5_SEMESTRE\UCB_Hold\UCB_Hold\Code\Tests\RepositoryTests\Implementations\EquipoRepositoryTest.cs:line 39&#xD;
   at System.RuntimeMethodHandle.InvokeMethod(Object target, Void** arguments, Signature sig, Boolean isConstructor)&#xD;
   at System.Reflection.MethodBaseInvoker.InvokeWithNoArgs(Object obj, BindingFlags invokeAttr)
</StackTrace>
        </ErrorInfo>
      </Output>
    </UnitTestResult>
    <UnitTestResult executionId="15dc3ceb-68bf-4b00-b492-a0c7aaff28f6" testId="982a7216-ae0d-6db4-7796-c29da43d1e25" testName="CrearComentario_Invalido_RetornaBadRequest(CrearComentarioComando { CarnetUsuario = 2, IdGrupoEquipo = 6, Contenido = aaaaaaaaaaaaaaaaaaaaaaaaaaaaaaaaaaaaaaaaaaaaaaaaaaaaaaaaaaaaaaaaaaaaaaaaaaaaaaaaaaaaaaaaaaaaaaaaaaaaaaaaaaaaaaaaaaaaaaaaaaaaaaaaaaaaaaaaaaaaaaaaaaaaaaaaaaaaaaaaaaaaaaaaaaaaaaaaaaaaaaaaaaaaaaaaaaaaaaaaaaaaaaaaaaaaaaaaaaaaaaaaaaaaaaaaaaaaaaaaaaaaaaaaaaaaaaaaaaaaaaaaaaaaaaaaaaaaaaaaaaaaaaaaaaaaaaaaaaaaaaaaaaaaaaaaaaaaaaaaaaaaaaaaaaaaaaaaaaaaaaaaaaaaaaaaaaaaaaaaaaaaaaaaaaaaaaaaaaaaaaaaaaaaaaaaaaaaaaaaaaaaaaaaaaaaaaaaaaaaaaaaaaaaaaaaaaaaaaaaaaaaaaaaaaaaaaaaaaaaaaaaaaaaaaaaaaaaaaaaaaaaaaaaaaaaaaaaaaaaa },ErrorLongitudInvalida: El contenido no puede exceder 500 caracteres)" computerName="X" duration="00:00:00.0000740" startTime="2026-04-30T11:27:27.7769583-04:00" endTime="2026-04-30T11:27:27.7770317-04:00" testType="13cdc9d9-ddb5-4fa4-a97d-d965ccfc6d4b" outcome="Passed" testListId="8c84fa94-04c1-424b-9868-57a2d4851a1d" relativeResultsDirectory="15dc3ceb-68bf-4b00-b492-a0c7aaff28f6" />
    <UnitTestResult executionId="d59d5175-e3be-4e31-b329-083b820ac710" testId="9d1ca081-0228-12ac-7705-5e4675b9945b" testName="AgregarMeGusta_Valido_RetornaOk" computerName="X" duration="00:00:00.0061600" startTime="2026-04-30T11:27:27.7692396-04:00" endTime="2026-04-30T11:27:27.7753992-04:00" testType="13cdc9d9-ddb5-4fa4-a97d-d965ccfc6d4b" outcome="Passed" testListId="8c84fa94-04c1-424b-9868-57a2d4851a1d" relativeResultsDirectory="d59d5175-e3be-4e31-b329-083b820ac710" />
    <UnitTestResult executionId="fbd6bb20-9998-4268-989c-4809a7100f8e" testId="e4987cc8-fce8-c4a4-9e88-bc96034385aa" testName="Crear_NombreVacio_RetornaInvalid" computerName="X" duration="00:00:00.0004090" startTime="2026-04-30T11:27:28.8797737-04:00" endTime="2026-04-30T11:27:28.8801824-04:00" testType="13cdc9d9-ddb5-4fa4-a97d-d965ccfc6d4b" outcome="Passed" testListId="8c84fa94-04c1-424b-9868-57a2d4851a1d" relativeResultsDirectory="fbd6bb20-9998-4268-989c-4809a7100f8e" />
    <UnitTestResult executionId="c4333ef5-0086-47ae-aba5-ca8ab5970b07" testId="16ed1708-a4f3-21ec-a55a-e949c738a7b6" testName="EliminarGrupoEquipo_EnUso_RetornaConflict" computerName="X" duration="00:00:00.0011530" startTime="2026-04-30T11:27:27.8919243-04:00" endTime="2026-04-30T11:27:27.8930768-04:00" testType="13cdc9d9-ddb5-4fa4-a97d-d965ccfc6d4b" outcome="Passed" testListId="8c84fa94-04c1-424b-9868-57a2d4851a1d" relativeResultsDirectory="c4333ef5-0086-47ae-aba5-ca8ab5970b07" />
    <UnitTestResult executionId="fe5b54e8-92f3-40ec-805e-a8c9ed3ea98d" testId="09868937-d4b4-b3b0-08c7-7179d15861c0" testName="EliminarMantenimiento_EnUso_RetornaConflict" computerName="X" duration="00:00:00.0008850" startTime="2026-04-30T11:27:27.9066369-04:00" endTime="2026-04-30T11:27:27.9075215-04:00" testType="13cdc9d9-ddb5-4fa4-a97d-d965ccfc6d4b" outcome="Passed" testListId="8c84fa94-04c1-424b-9868-57a2d4851a1d" relativeResultsDirectory="fe5b54e8-92f3-40ec-805e-a8c9ed3ea98d" />
    <UnitTestResult executionId="fca6a093-38b1-4eed-b22f-bd050617aab6" testId="dfcdc2b7-12fc-54de-b28d-a0a78b62e877" testName="EliminarComentario_NoEncontrado_RetornaNotFound" computerName="X" duration="00:00:00.0004090" startTime="2026-04-30T11:27:27.7801097-04:00" endTime="2026-04-30T11:27:27.7805181-04:00" testType="13cdc9d9-ddb5-4fa4-a97d-d965ccfc6d4b" outcome="Passed" testListId="8c84fa94-04c1-424b-9868-57a2d4851a1d" relativeResultsDirectory="fca6a093-38b1-4eed-b22f-bd050617aab6" />
    <UnitTestResult executionId="ba325452-2a14-4433-90e0-a1b8d5570a87" testId="954718a6-17d0-047e-b92b-8893fd23e8ca" testName="Crear_ComandoValido_RetornaSuccess" computerName="X" duration="00:00:00.0037200" startTime="2026-04-30T11:27:28.7871478-04:00" endTime="2026-04-30T11:27:28.7908677-04:00" testType="13cdc9d9-ddb5-4fa4-a97d-d965ccfc6d4b" outcome="Passed" testListId="8c84fa94-04c1-424b-9868-57a2d4851a1d" relativeResultsDirectory="ba325452-2a14-4433-90e0-a1b8d5570a87" />
    <UnitTestResult executionId="888b86c1-23bd-478d-bef9-0c8b78a419ed" testId="379bd839-3829-0974-6407-a9abf37d3e9d" testName="ObtenerTodos_CuandoHayDatos_RetornaListaDeDtos" computerName="X" duration="00:00:00.0039550" startTime="2026-04-30T11:27:28.8345716-04:00" endTime="2026-04-30T11:27:28.8385263-04:00" testType="13cdc9d9-ddb5-4fa4-a97d-d965ccfc6d4b" outcome="Passed" testListId="8c84fa94-04c1-424b-9868-57a2d4851a1d" relativeResultsDirectory="888b86c1-23bd-478d-bef9-0c8b78a419ed" />
    <UnitTestResult executionId="667b22cc-6493-49c6-82af-8f904297499e" testId="50233864-9306-a090-7b17-63a9d16baddd" testName="Crear_ComandoValido_RetornaSuccess" computerName="X" duration="00:00:00.0051320" startTime="2026-04-30T11:27:28.9987442-04:00" endTime="2026-04-30T11:27:29.0038758-04:00" testType="13cdc9d9-ddb5-4fa4-a97d-d965ccfc6d4b" outcome="Passed" testListId="8c84fa94-04c1-424b-9868-57a2d4851a1d" relativeResultsDirectory="667b22cc-6493-49c6-82af-8f904297499e" />
    <UnitTestResult executionId="68a1216c-7841-4a14-af5f-103cc3234c6a" testId="58632d2f-22e4-8ad8-a7a9-eccd09d2ee5d" testName="GetEquipos_SinDatos_RetornaOkVacia" computerName="X" duration="00:00:00.0003840" startTime="2026-04-30T11:27:27.8607758-04:00" endTime="2026-04-30T11:27:27.8611601-04:00" testType="13cdc9d9-ddb5-4fa4-a97d-d965ccfc6d4b" outcome="Passed" testListId="8c84fa94-04c1-424b-9868-57a2d4851a1d" relativeResultsDirectory="68a1216c-7841-4a14-af5f-103cc3234c6a" />
    <UnitTestResult executionId="b992d67a-16c4-4ea6-9893-e13bd26c3a46" testId="602f88cd-796c-bc0f-419b-28b3289874d0" testName="EliminarGavetero_EnUso_RetornaConflict" computerName="X" duration="00:00:00.0008960" startTime="2026-04-30T11:27:27.8721486-04:00" endTime="2026-04-30T11:27:27.8730439-04:00" testType="13cdc9d9-ddb5-4fa4-a97d-d965ccfc6d4b" outcome="Passed" testListId="8c84fa94-04c1-424b-9868-57a2d4851a1d" relativeResultsDirectory="b992d67a-16c4-4ea6-9893-e13bd26c3a46" />
    <UnitTestResult executionId="6a3b8e51-33a9-41b1-9ab3-94da84809c87" testId="d4ec0806-1a96-b711-4856-80b36b1dabf1" testName="CrearComentario_ServicioError_RetornaError" computerName="X" duration="00:00:00.0003830" startTime="2026-04-30T11:27:27.7771786-04:00" endTime="2026-04-30T11:27:27.7775616-04:00" testType="13cdc9d9-ddb5-4fa4-a97d-d965ccfc6d4b" outcome="Passed" testListId="8c84fa94-04c1-424b-9868-57a2d4851a1d" relativeResultsDirectory="6a3b8e51-33a9-41b1-9ab3-94da84809c87" />
    <UnitTestResult executionId="364cb0de-d503-42cb-b478-2ebeeb1dd36e" testId="13cb7cb1-a72b-59de-cbbe-843cded1b799" testName="Eliminar_IdInvalido_RetornaInvalid" computerName="X" duration="00:00:00.0003579" startTime="2026-04-30T11:27:28.9095615-04:00" endTime="2026-04-30T11:27:28.9099197-04:00" testType="13cdc9d9-ddb5-4fa4-a97d-d965ccfc6d4b" outcome="Passed" testListId="8c84fa94-04c1-424b-9868-57a2d4851a1d" relativeResultsDirectory="364cb0de-d503-42cb-b478-2ebeeb1dd36e" />
    <UnitTestResult executionId="758f41bd-dfa2-467e-81fb-50a6c84c4d9b" testId="a81f87fa-ad36-88c2-861e-b7bbb0b9bc78" testName="ActualizarCategoria_ServicioError_RetornaError500" computerName="X" duration="00:00:00.0003300" startTime="2026-04-30T11:27:27.7616169-04:00" endTime="2026-04-30T11:27:27.7619467-04:00" testType="13cdc9d9-ddb5-4fa4-a97d-d965ccfc6d4b" outcome="Passed" testListId="8c84fa94-04c1-424b-9868-57a2d4851a1d" relativeResultsDirectory="758f41bd-dfa2-467e-81fb-50a6c84c4d9b" />
    <UnitTestResult executionId="f2c881c5-c882-47ec-a205-13457f632328" testId="3b076a3e-3f10-d5d1-4e36-eb1469f10d40" testName="CrearMueble_Invalido_RetornaBadRequest(CrearMuebleComando { Nombre = Nombre, Tipo = Tipo, Costo = , Ubicacion = Ubicacion, Longitud = 0, Profundidad = , Altura =  },ErrorValorNegativo: El longitud no puede ser menor o igual a cero)" computerName="X" duration="00:00:00.0001910" startTime="2026-04-30T11:27:27.9212732-04:00" endTime="2026-04-30T11:27:27.9214638-04:00" testType="13cdc9d9-ddb5-4fa4-a97d-d965ccfc6d4b" outcome="Passed" testListId="8c84fa94-04c1-424b-9868-57a2d4851a1d" relativeResultsDirectory="f2c881c5-c882-47ec-a205-13457f632328" />
    <UnitTestResult executionId="4b98c9a2-13af-4aaf-91fb-85dcdec44840" testId="aa1fdcc8-b902-0e8c-a2e5-cc1e3ae887f4" testName="GetEmpresas_ConDatos_RetornaOk" computerName="X" duration="00:00:00.0011640" startTime="2026-04-30T11:27:27.8304698-04:00" endTime="2026-04-30T11:27:27.8316338-04:00" testType="13cdc9d9-ddb5-4fa4-a97d-d965ccfc6d4b" outcome="Passed" testListId="8c84fa94-04c1-424b-9868-57a2d4851a1d" relativeResultsDirectory="4b98c9a2-13af-4aaf-91fb-85dcdec44840" />
    <UnitTestResult executionId="a5bfe58f-7fcf-4fd2-964d-5275b755aa13" testId="eb93f958-8445-fb9f-785d-65e98bb0adfb" testName="EliminarPrestamo_EnUso_RetornaConflict" computerName="X" duration="00:00:00.0020750" startTime="2026-04-30T11:27:27.9662746-04:00" endTime="2026-04-30T11:27:27.9683493-04:00" testType="13cdc9d9-ddb5-4fa4-a97d-d965ccfc6d4b" outcome="Passed" testListId="8c84fa94-04c1-424b-9868-57a2d4851a1d" relativeResultsDirectory="a5bfe58f-7fcf-4fd2-964d-5275b755aa13" />
    <UnitTestResult executionId="d921292d-7713-47e6-9148-3e5ae112e239" testId="f85706b7-9f24-2bd2-0426-d2b131e7f4cf" testName="ActualizarMueble_Invalido_RetornaBadRequest(ActualizarMuebleComando { Id = 1, Nombre = Nombre, Tipo = , Costo = , Ubicacion = , Longitud = , Profundidad = , Altura = 0 },ErrorValorNegativo: El altura no puede ser menor o igual a cero)" computerName="X" duration="00:00:00.0001840" startTime="2026-04-30T11:27:27.9176415-04:00" endTime="2026-04-30T11:27:27.9178257-04:00" testType="13cdc9d9-ddb5-4fa4-a97d-d965ccfc6d4b" outcome="Passed" testListId="8c84fa94-04c1-424b-9868-57a2d4851a1d" relativeResultsDirectory="d921292d-7713-47e6-9148-3e5ae112e239" />
    <UnitTestResult executionId="1686efaf-dfe9-43e9-8f92-3501d22d120a" testId="38faaad4-ce3c-88c9-3b4e-bdd5ddbf6b43" testName="Actualizar_ComandoValido_RetornaSuccess" computerName="X" duration="00:00:00.0082580" startTime="2026-04-30T11:27:28.7538322-04:00" endTime="2026-04-30T11:27:28.7620895-04:00" testType="13cdc9d9-ddb5-4fa4-a97d-d965ccfc6d4b" outcome="Failed" testListId="8c84fa94-04c1-424b-9868-57a2d4851a1d" relativeResultsDirectory="1686efaf-dfe9-43e9-8f92-3501d22d120a">
      <Output>
        <ErrorInfo>
          <Message>  Expected: True&#xD;
  But was:  False&#xD;
</Message>
          <StackTrace>   at IMT_Reservas.Tests.ServiceTests.ComponenteServiceTest.Actualizar_ComandoValido_RetornaSuccess() in C:\Users\USUARIO\Documents\5_SEMESTRE\UCB_Hold\UCB_Hold\Code\Tests\ServiceTests\Implementations\ComponenteServiceTest.cs:line 119&#xD;

1)    at IMT_Reservas.Tests.ServiceTests.ComponenteServiceTest.Actualizar_ComandoValido_RetornaSuccess() in C:\Users\USUARIO\Documents\5_SEMESTRE\UCB_Hold\UCB_Hold\Code\Tests\ServiceTests\Implementations\ComponenteServiceTest.cs:line 119&#xD;

</StackTrace>
        </ErrorInfo>
      </Output>
    </UnitTestResult>
    <UnitTestResult executionId="c3f7b1b6-3484-4d46-8a7a-b1e85d6cc42b" testId="b576744c-9364-2763-5745-337d6401cb5e" testName="CrearPrestamo_SinEquiposDisponibles_RetornaConflict" computerName="X" duration="00:00:00.0010270" startTime="2026-04-30T11:27:27.9627442-04:00" endTime="2026-04-30T11:27:27.9637714-04:00" testType="13cdc9d9-ddb5-4fa4-a97d-d965ccfc6d4b" outcome="Passed" testListId="8c84fa94-04c1-424b-9868-57a2d4851a1d" relativeResultsDirectory="c3f7b1b6-3484-4d46-8a7a-b1e85d6cc42b" />
    <UnitTestResult executionId="2cff1bdb-e81b-4081-ab4e-6d4c11124112" testId="2fb5a5e9-a313-eec3-a673-c944c3b2bac9" testName="ObtenerTodos_CuandoHayDatos_RetornaListaDeDtos" computerName="X" duration="00:00:00.0028509" startTime="2026-04-30T11:27:29.0182243-04:00" endTime="2026-04-30T11:27:29.0210752-04:00" testType="13cdc9d9-ddb5-4fa4-a97d-d965ccfc6d4b" outcome="Passed" testListId="8c84fa94-04c1-424b-9868-57a2d4851a1d" relativeResultsDirectory="2cff1bdb-e81b-4081-ab4e-6d4c11124112" />
    <UnitTestResult executionId="70ed73bd-de7d-4ddb-a8e5-6bad2d193841" testId="13e5ccee-dea1-6050-71d4-46190d8bd42c" testName="IniciarSesion_Valido_RetornaOkConUsuario" computerName="X" duration="00:00:00.0027380" startTime="2026-04-30T11:27:28.0244978-04:00" endTime="2026-04-30T11:27:28.0272356-04:00" testType="13cdc9d9-ddb5-4fa4-a97d-d965ccfc6d4b" outcome="Passed" testListId="8c84fa94-04c1-424b-9868-57a2d4851a1d" relativeResultsDirectory="70ed73bd-de7d-4ddb-a8e5-6bad2d193841" />
    <UnitTestResult executionId="2a6e4c4e-c5b2-4780-b66b-d4ea6853668e" testId="36854feb-862f-8c17-9cf0-d9d522280878" testName="EliminarMantenimiento_Valido_RetornaNoContent" computerName="X" duration="00:00:00.0014440" startTime="2026-04-30T11:27:27.9092741-04:00" endTime="2026-04-30T11:27:27.9107183-04:00" testType="13cdc9d9-ddb5-4fa4-a97d-d965ccfc6d4b" outcome="Passed" testListId="8c84fa94-04c1-424b-9868-57a2d4851a1d" relativeResultsDirectory="2a6e4c4e-c5b2-4780-b66b-d4ea6853668e" />
    <UnitTestResult executionId="205febce-b2ff-4c96-ab47-b8a244a8f3dd" testId="66a829b9-e724-c322-f8c8-3c7b29a2a9a7" testName="EliminarEquipo_ServicioError_RetornaError500" computerName="X" duration="00:00:00.0008610" startTime="2026-04-30T11:27:27.8566319-04:00" endTime="2026-04-30T11:27:27.8574928-04:00" testType="13cdc9d9-ddb5-4fa4-a97d-d965ccfc6d4b" outcome="Passed" testListId="8c84fa94-04c1-424b-9868-57a2d4851a1d" relativeResultsDirectory="205febce-b2ff-4c96-ab47-b8a244a8f3dd" />
    <UnitTestResult executionId="aa156606-807f-4af7-9032-c622af7f76fe" testId="30d4db84-0f61-b295-5d73-90e0f03d11f9" testName="TieneNotificacionesNoLeidas_False_RetornaFalse" computerName="X" duration="00:00:00.0024380" startTime="2026-04-30T11:27:28.9581046-04:00" endTime="2026-04-30T11:27:28.9605426-04:00" testType="13cdc9d9-ddb5-4fa4-a97d-d965ccfc6d4b" outcome="Passed" testListId="8c84fa94-04c1-424b-9868-57a2d4851a1d" relativeResultsDirectory="aa156606-807f-4af7-9032-c622af7f76fe" />
    <UnitTestResult executionId="4985c52d-d361-48d5-beec-bc8418a78be7" testId="33cb8716-32cd-37f6-8062-36329d763815" testName="Eliminar_IdInvalido_RetornaInvalid" computerName="X" duration="00:00:00.0003130" startTime="2026-04-30T11:27:28.9305287-04:00" endTime="2026-04-30T11:27:28.9308420-04:00" testType="13cdc9d9-ddb5-4fa4-a97d-d965ccfc6d4b" outcome="Passed" testListId="8c84fa94-04c1-424b-9868-57a2d4851a1d" relativeResultsDirectory="4985c52d-d361-48d5-beec-bc8418a78be7" />
    <UnitTestResult executionId="e1622de8-37fc-450e-a087-1f4b2f9b0399" testId="58cb991b-3919-e57a-aab0-4066defb81ed" testName="ObtenerPorId_LlamaEjecutarFuncion_YRetornaDataTable" computerName="X" duration="00:00:00.0033080" startTime="2026-04-30T11:27:28.4918174-04:00" endTime="2026-04-30T11:27:28.4951245-04:00" testType="13cdc9d9-ddb5-4fa4-a97d-d965ccfc6d4b" outcome="Failed" testListId="8c84fa94-04c1-424b-9868-57a2d4851a1d" relativeResultsDirectory="e1622de8-37fc-450e-a087-1f4b2f9b0399">
      <Output>
        <ErrorInfo>
          <Message>System.NullReferenceException : Object reference not set to an instance of an object.</Message>
          <StackTrace>   at GrupoEquipoRepository.ObtenerPorId(Int32 id) in C:\Users\USUARIO\Documents\5_SEMESTRE\UCB_Hold\UCB_Hold\Code\Server\src\Infrastructure\Repositories\Implementations\GrupoEquipoRepository.cs:line 42&#xD;
   at IMT_Reservas.Tests.RepositoryTests.GrupoEquipoRepositoryTest.ObtenerPorId_LlamaEjecutarFuncion_YRetornaDataTable() in C:\Users\USUARIO\Documents\5_SEMESTRE\UCB_Hold\UCB_Hold\Code\Tests\RepositoryTests\Implementations\GrupoEquipoRepositoryTest.cs:line 52&#xD;
   at System.RuntimeMethodHandle.InvokeMethod(Object target, Void** arguments, Signature sig, Boolean isConstructor)&#xD;
   at System.Reflection.MethodBaseInvoker.InvokeWithNoArgs(Object obj, BindingFlags invokeAttr)
</StackTrace>
        </ErrorInfo>
      </Output>
    </UnitTestResult>
    <UnitTestResult executionId="d323af1e-887d-4c4b-895d-b73af96a3c97" testId="32923c4a-6d34-75f7-b85b-ad10035ef6d4" testName="ActualizarAccesorio_Invalido_RetornaBadRequest(ActualizarAccesorioComando { Id = 1, Nombre = , Modelo = , Tipo = , CodigoIMT = , Descripcion = , Precio = , UrlDataSheet =  },ErrorNombreRequerido: El nombre es requerido)" computerName="X" duration="00:00:00.0019380" startTime="2026-04-30T11:27:27.7120751-04:00" endTime="2026-04-30T11:27:27.7140128-04:00" testType="13cdc9d9-ddb5-4fa4-a97d-d965ccfc6d4b" outcome="Passed" testListId="8c84fa94-04c1-424b-9868-57a2d4851a1d" relativeResultsDirectory="d323af1e-887d-4c4b-895d-b73af96a3c97" />
    <UnitTestResult executionId="51633ff0-cf3b-4876-b6f3-b2f46aa019b7" testId="99332817-39e9-35b2-0ab2-ffc2e1f93bca" testName="ObtenerTodos_CuandoHayDatos_RetornaListaDeDtos" computerName="X" duration="00:00:00.0035970" startTime="2026-04-30T11:27:28.9308585-04:00" endTime="2026-04-30T11:27:28.9344551-04:00" testType="13cdc9d9-ddb5-4fa4-a97d-d965ccfc6d4b" outcome="Passed" testListId="8c84fa94-04c1-424b-9868-57a2d4851a1d" relativeResultsDirectory="51633ff0-cf3b-4876-b6f3-b2f46aa019b7" />
    <UnitTestResult executionId="be6c3118-b0e2-4373-a906-72adbf78dec5" testId="084f723f-03ae-be54-1302-0384d5048c53" testName="ActualizarComponente_RegistroExistente_RetornaConflict" computerName="X" duration="00:00:00.0004780" startTime="2026-04-30T11:27:27.7957835-04:00" endTime="2026-04-30T11:27:27.7962614-04:00" testType="13cdc9d9-ddb5-4fa4-a97d-d965ccfc6d4b" outcome="Passed" testListId="8c84fa94-04c1-424b-9868-57a2d4851a1d" relativeResultsDirectory="be6c3118-b0e2-4373-a906-72adbf78dec5" />
    <UnitTestResult executionId="fd604e18-fa61-478e-bf3b-3cbceda078af" testId="5ac54254-06d9-0a11-9244-2e8b850dff6a" testName="Repositorio_CuandoHayExcepcion_LanzaErrorRepository" computerName="X" duration="00:00:00.0080059" startTime="2026-04-30T11:27:28.5683175-04:00" endTime="2026-04-30T11:27:28.5763223-04:00" testType="13cdc9d9-ddb5-4fa4-a97d-d965ccfc6d4b" outcome="Failed" testListId="8c84fa94-04c1-424b-9868-57a2d4851a1d" relativeResultsDirectory="fd604e18-fa61-478e-bf3b-3cbceda078af">
      <Output>
        <ErrorInfo>
          <Message>  Expected: &lt;ErrorRepository&gt;&#xD;
  But was:  &lt;System.Exception: test exception&#xD;
   at Moq.Behaviors.ThrowException.Execute(Invocation invocation) in /_/src/Moq/Behaviors/ThrowException.cs:line 64&#xD;
   at Moq.MethodCall.ExecuteCore(Invocation invocation) in /_/src/Moq/MethodCall.cs:line 230&#xD;
   at Moq.Setup.Execute(Invocation invocation) in /_/src/Moq/Setup.cs:line 144&#xD;
   at Moq.FindAndExecuteMatchingSetup.Handle(Invocation invocation, Mock mock) in /_/src/Moq/Interception/InterceptionAspects.cs:line 263&#xD;
   at Moq.Mock.Moq.IInterceptor.Intercept(Invocation invocation) in /_/src/Moq/Interception/Mock.cs:line 17&#xD;
   at Moq.CastleProxyFactory.Interceptor.Intercept(IInvocation underlying) in /_/src/Moq/Interception/CastleProxyFactory.cs:line 218&#xD;
   at Castle.DynamicProxy.AbstractInvocation.Proceed()&#xD;
   at Castle.Proxies.IMongoCollection`1Proxy.InsertOne(BsonDocument document, InsertOneOptions options, CancellationToken cancellationToken)&#xD;
   at NotificacionRepository.Crear(CrearNotificacionComando comando) in C:\Users\USUARIO\Documents\5_SEMESTRE\UCB_Hold\UCB_Hold\Code\Server\src\Infrastructure\Repositories\Implementations\NotificacionRepository.cs:line 23&#xD;
   at IMT_Reservas.Tests.RepositoryTests.NotificacionRepositoryTest.&lt;&gt;c__DisplayClass9_0.&lt;Repositorio_CuandoHayExcepcion_LanzaErrorRepository&gt;b__3() in C:\Users\USUARIO\Documents\5_SEMESTRE\UCB_Hold\UCB_Hold\Code\Tests\RepositoryTests\Implementations\NotificacionRepositoryTest.cs:line 141&#xD;
   at NUnit.Framework.Assert.Throws(IResolveConstraint expression, TestDelegate code, String message, Object[] args)&gt;&#xD;
</Message>
          <StackTrace>   at IMT_Reservas.Tests.RepositoryTests.NotificacionRepositoryTest.Repositorio_CuandoHayExcepcion_LanzaErrorRepository() in C:\Users\USUARIO\Documents\5_SEMESTRE\UCB_Hold\UCB_Hold\Code\Tests\RepositoryTests\Implementations\NotificacionRepositoryTest.cs:line 141&#xD;

1)    at IMT_Reservas.Tests.RepositoryTests.NotificacionRepositoryTest.Repositorio_CuandoHayExcepcion_LanzaErrorRepository() in C:\Users\USUARIO\Documents\5_SEMESTRE\UCB_Hold\UCB_Hold\Code\Tests\RepositoryTests\Implementations\NotificacionRepositoryTest.cs:line 141&#xD;

</StackTrace>
        </ErrorInfo>
      </Output>
    </UnitTestResult>
    <UnitTestResult executionId="2a2f7437-7825-4ed2-8565-abb23bf37c70" testId="67095f0b-28d3-09fc-44c5-18c38f0e6075" testName="IniciarSesion_Invalido_RetornaOkNulo" computerName="X" duration="00:00:00.0013560" startTime="2026-04-30T11:27:28.0230469-04:00" endTime="2026-04-30T11:27:28.0244031-04:00" testType="13cdc9d9-ddb5-4fa4-a97d-d965ccfc6d4b" outcome="Passed" testListId="8c84fa94-04c1-424b-9868-57a2d4851a1d" relativeResultsDirectory="2a2f7437-7825-4ed2-8565-abb23bf37c70" />
    <UnitTestResult executionId="31759450-6383-4117-bee9-2a7a72b60600" testId="39707e61-dd4c-658e-75e3-c2cc2fc955a3" testName="Eliminar_LlamaExecuteSpNR_ConParametrosCorrectos" computerName="X" duration="00:00:00.0035660" startTime="2026-04-30T11:27:28.4704302-04:00" endTime="2026-04-30T11:27:28.4739964-04:00" testType="13cdc9d9-ddb5-4fa4-a97d-d965ccfc6d4b" outcome="Failed" testListId="8c84fa94-04c1-424b-9868-57a2d4851a1d" relativeResultsDirectory="31759450-6383-4117-bee9-2a7a72b60600">
      <Output>
        <ErrorInfo>
          <Message>Moq.MockException : &#xD;
Expected invocation on the mock once, but was 0 times: e =&gt; e.EjecutarSpNR(It.Is&lt;string&gt;(s =&gt; s.Contains("eliminar_gavetero")), It.Is&lt;Dictionary&lt;string, object&gt;&gt;(d =&gt; (int)d["id"] == id))&#xD;
&#xD;
Performed invocations:&#xD;
&#xD;
   Mock&lt;IExecuteQuery:32&gt; (e):&#xD;
&#xD;
      IExecuteQuery.EjecutarSpNR("UPDATE public.gaveteros SET estado_eliminado = TRUE WHERE id_gavetero = @id", Dictionary&lt;string, object&gt;)&#xD;
</Message>
          <StackTrace>   at Moq.Mock.Verify(Mock mock, LambdaExpression expression, Times times, String failMessage) in /_/src/Moq/Mock.cs:line 331&#xD;
   at Moq.Mock`1.Verify(Expression`1 expression, Times times) in /_/src/Moq/Mock`1.cs:line 920&#xD;
   at Moq.Mock`1.Verify(Expression`1 expression, Func`1 times) in /_/src/Moq/Mock`1.cs:line 934&#xD;
   at IMT_Reservas.Tests.RepositoryTests.GaveteroRepositoryTest.Eliminar_LlamaExecuteSpNR_ConParametrosCorrectos() in C:\Users\USUARIO\Documents\5_SEMESTRE\UCB_Hold\UCB_Hold\Code\Tests\RepositoryTests\Implementations\GaveteroRepositoryTest.cs:line 61&#xD;
   at System.RuntimeMethodHandle.InvokeMethod(Object target, Void** arguments, Signature sig, Boolean isConstructor)&#xD;
   at System.Reflection.MethodBaseInvoker.InvokeWithNoArgs(Object obj, BindingFlags invokeAttr)
</StackTrace>
        </ErrorInfo>
      </Output>
    </UnitTestResult>
    <UnitTestResult executionId="1a87cbb9-3bef-4701-968f-3b701773c6ea" testId="de72a9a1-5a59-0925-875d-4369a69fa796" testName="CrearAccesorio_RegistroExistente_RetornaConflict" computerName="X" duration="00:00:00.0007190" startTime="2026-04-30T11:27:27.7266193-04:00" endTime="2026-04-30T11:27:27.7273377-04:00" testType="13cdc9d9-ddb5-4fa4-a97d-d965ccfc6d4b" outcome="Passed" testListId="8c84fa94-04c1-424b-9868-57a2d4851a1d" relativeResultsDirectory="1a87cbb9-3bef-4701-968f-3b701773c6ea" />
    <UnitTestResult executionId="e5c985e3-acdc-4ea9-a543-a59169714c1b" testId="1c89c633-827c-b5bf-9b73-f41bbd304dbd" testName="ObtenerPorCarnetYEstado_ConDatos_RetornaOk" computerName="X" duration="00:00:00.0065860" startTime="2026-04-30T11:27:27.9740100-04:00" endTime="2026-04-30T11:27:27.9805954-04:00" testType="13cdc9d9-ddb5-4fa4-a97d-d965ccfc6d4b" outcome="Passed" testListId="8c84fa94-04c1-424b-9868-57a2d4851a1d" relativeResultsDirectory="e5c985e3-acdc-4ea9-a543-a59169714c1b" />
    <UnitTestResult executionId="305c92e6-6228-4865-9089-5cd1c8c6966f" testId="6ef6d3d9-8e9b-9be0-ce5a-37233f356b33" testName="ActualizarComponente_Invalido_RetornaBadRequest(ActualizarComponenteComando { Id = 1, Nombre = CPU, Modelo = , Tipo = Tipo, CodigoIMT = 1, Descripcion = desc, PrecioReferencia = 10, UrlDataSheet =  },ErrorModeloRequerido: El modelo es requerido)" computerName="X" duration="00:00:00.0001040" startTime="2026-04-30T11:27:27.7948117-04:00" endTime="2026-04-30T11:27:27.7949157-04:00" testType="13cdc9d9-ddb5-4fa4-a97d-d965ccfc6d4b" outcome="Passed" testListId="8c84fa94-04c1-424b-9868-57a2d4851a1d" relativeResultsDirectory="305c92e6-6228-4865-9089-5cd1c8c6966f" />
    <UnitTestResult executionId="6a4e7372-53da-48ca-9632-f68e10846b0e" testId="36530edc-0eaf-e233-821b-bf801fb8ed4f" testName="Actualizar_IdInvalido_RetornaInvalid" computerName="X" duration="00:00:00.0008500" startTime="2026-04-30T11:27:28.7621449-04:00" endTime="2026-04-30T11:27:28.7629946-04:00" testType="13cdc9d9-ddb5-4fa4-a97d-d965ccfc6d4b" outcome="Passed" testListId="8c84fa94-04c1-424b-9868-57a2d4851a1d" relativeResultsDirectory="6a4e7372-53da-48ca-9632-f68e10846b0e" />
    <UnitTestResult executionId="ff30e6fc-875a-4b73-80a8-ccce3eb4d387" testId="3fc318bd-4b53-e806-9c17-11e144a2ad54" testName="GetEquipos_ConDatos_RetornaOk" computerName="X" duration="00:00:00.0011110" startTime="2026-04-30T11:27:27.8591665-04:00" endTime="2026-04-30T11:27:27.8602773-04:00" testType="13cdc9d9-ddb5-4fa4-a97d-d965ccfc6d4b" outcome="Passed" testListId="8c84fa94-04c1-424b-9868-57a2d4851a1d" relativeResultsDirectory="ff30e6fc-875a-4b73-80a8-ccce3eb4d387" />
    <UnitTestResult executionId="a74f6130-b68c-40df-9249-c5e580492e2f" testId="d552852c-e598-d2d9-dcca-1407265a826c" testName="ActualizarCategoria_NoEncontrada_RetornaNotFound" computerName="X" duration="00:00:00.0003940" startTime="2026-04-30T11:27:27.7608769-04:00" endTime="2026-04-30T11:27:27.7612710-04:00" testType="13cdc9d9-ddb5-4fa4-a97d-d965ccfc6d4b" outcome="Passed" testListId="8c84fa94-04c1-424b-9868-57a2d4851a1d" relativeResultsDirectory="a74f6130-b68c-40df-9249-c5e580492e2f" />
    <UnitTestResult executionId="51b7fc53-b903-42d5-bc06-b544699886d6" testId="cdc8d5ea-7563-3072-3238-b06ce4fb39df" testName="ObtenerPorUsuario_RetornaDataTable" computerName="X" duration="00:00:00.0064520" startTime="2026-04-30T11:27:28.5618058-04:00" endTime="2026-04-30T11:27:28.5682569-04:00" testType="13cdc9d9-ddb5-4fa4-a97d-d965ccfc6d4b" outcome="Passed" testListId="8c84fa94-04c1-424b-9868-57a2d4851a1d" relativeResultsDirectory="51b7fc53-b903-42d5-bc06-b544699886d6" />
    <UnitTestResult executionId="4d6730b9-d540-44fb-907f-fc4e41cef195" testId="6b331047-a908-7238-6564-b2877898d396" testName="GetUsuarios_ConDatos_RetornaOk" computerName="X" duration="00:00:00.0010590" startTime="2026-04-30T11:27:28.0219558-04:00" endTime="2026-04-30T11:27:28.0230147-04:00" testType="13cdc9d9-ddb5-4fa4-a97d-d965ccfc6d4b" outcome="Passed" testListId="8c84fa94-04c1-424b-9868-57a2d4851a1d" relativeResultsDirectory="4d6730b9-d540-44fb-907f-fc4e41cef195" />
    <UnitTestResult executionId="954801b7-d2f9-479f-b80a-a8ede79f9776" testId="d4b794e6-2a73-d905-b4c3-2531b153a93b" testName="ActualizarGavetero_NoEncontrado_RetornaNotFound" computerName="X" duration="00:00:00.0005590" startTime="2026-04-30T11:27:27.8654882-04:00" endTime="2026-04-30T11:27:27.8660466-04:00" testType="13cdc9d9-ddb5-4fa4-a97d-d965ccfc6d4b" outcome="Passed" testListId="8c84fa94-04c1-424b-9868-57a2d4851a1d" relativeResultsDirectory="954801b7-d2f9-479f-b80a-a8ede79f9776" />
    <UnitTestResult executionId="6d393eee-d33f-4a87-9b99-e1c4b6e6de01" testId="c129487f-e940-d240-7f6c-0082a56dad3c" testName="ObtenerTodos_CuandoHayDatos_RetornaListaDeDtos" computerName="X" duration="00:00:00.0045810" startTime="2026-04-30T11:27:28.9815785-04:00" endTime="2026-04-30T11:27:28.9861588-04:00" testType="13cdc9d9-ddb5-4fa4-a97d-d965ccfc6d4b" outcome="Passed" testListId="8c84fa94-04c1-424b-9868-57a2d4851a1d" relativeResultsDirectory="6d393eee-d33f-4a87-9b99-e1c4b6e6de01" />
    <UnitTestResult executionId="b08337cf-eff2-49f4-be75-0b37d0241f04" testId="26345f27-1509-a593-ba22-8a4487cac2f9" testName="GetGruposEquipos_SinDatos_RetornaOkVacia" computerName="X" duration="00:00:00.0004330" startTime="2026-04-30T11:27:27.8979964-04:00" endTime="2026-04-30T11:27:27.8984291-04:00" testType="13cdc9d9-ddb5-4fa4-a97d-d965ccfc6d4b" outcome="Passed" testListId="8c84fa94-04c1-424b-9868-57a2d4851a1d" relativeResultsDirectory="b08337cf-eff2-49f4-be75-0b37d0241f04" />
    <UnitTestResult executionId="d0f24c83-4558-46f8-8459-937c950cd7dd" testId="d8744b69-c7cd-fd56-c40a-ee1a9b065954" testName="Crear_CodigoImtInvalido_RetornaInvalid" computerName="X" duration="00:00:00.0010250" startTime="2026-04-30T11:27:28.6573706-04:00" endTime="2026-04-30T11:27:28.6583948-04:00" testType="13cdc9d9-ddb5-4fa4-a97d-d965ccfc6d4b" outcome="Passed" testListId="8c84fa94-04c1-424b-9868-57a2d4851a1d" relativeResultsDirectory="d0f24c83-4558-46f8-8459-937c950cd7dd">
      <Output>
        <StdOut>Este test está implementado</StdOut>
      </Output>
    </UnitTestResult>
    <UnitTestResult executionId="f51ef45e-754b-4742-a677-5039c3fc2de1" testId="144ed8d0-9e86-3a8e-6282-8fcd3784c6bf" testName="EliminarCarrera_ServicioError_RetornaError500" computerName="X" duration="00:00:00.0035550" startTime="2026-04-30T11:27:28.0044348-04:00" endTime="2026-04-30T11:27:28.0079890-04:00" testType="13cdc9d9-ddb5-4fa4-a97d-d965ccfc6d4b" outcome="Passed" testListId="8c84fa94-04c1-424b-9868-57a2d4851a1d" relativeResultsDirectory="f51ef45e-754b-4742-a677-5039c3fc2de1" />
    <UnitTestResult executionId="679e0978-814b-4433-99d9-2f151088a85b" testId="99048e77-0db2-2899-0ce0-531b187e3be2" testName="EliminarCategoria_ServicioError_RetornaError500" computerName="X" duration="00:00:00.0002870" startTime="2026-04-30T11:27:27.7654056-04:00" endTime="2026-04-30T11:27:27.7656928-04:00" testType="13cdc9d9-ddb5-4fa4-a97d-d965ccfc6d4b" outcome="Passed" testListId="8c84fa94-04c1-424b-9868-57a2d4851a1d" relativeResultsDirectory="679e0978-814b-4433-99d9-2f151088a85b" />
    <UnitTestResult executionId="24a74781-9371-497e-8d69-d76f672e3f0f" testId="45734cf0-2b57-0f68-b029-2e1fdf79a454" testName="ActualizarEmpresa_Invalida_RetornaBadRequest(ActualizarEmpresaMantenimientoComando { Id = 1, NombreEmpresa = Empresa Valida, NombreResponsable = , ApellidoResponsable = , Telefono = , Direccion = , Nit = aaaaaaaaaaaaaaaaaaaaa },ErrorLongitudInvalida: El nit no puede exceder 20 caracteres)" computerName="X" duration="00:00:00.0000910" startTime="2026-04-30T11:27:27.8198644-04:00" endTime="2026-04-30T11:27:27.8199549-04:00" testType="13cdc9d9-ddb5-4fa4-a97d-d965ccfc6d4b" outcome="Passed" testListId="8c84fa94-04c1-424b-9868-57a2d4851a1d" relativeResultsDirectory="24a74781-9371-497e-8d69-d76f672e3f0f" />
    <UnitTestResult executionId="7e76e19b-0926-42f4-b0b5-376ecb5a3a0d" testId="c238416e-f0e3-bed5-f40f-e352ca0c002b" testName="CrearAccesorio_Invalido_RetornaBadRequest(CrearAccesorioComando { Nombre = NombreValido, Modelo = ModeloX, Tipo = TipoY, CodigoIMT = 0, Descripcion = desc, Precio = 10, UrlDataSheet =  },ErrorCodigoImtRequerido: El código IMT es requerido)" computerName="X" duration="00:00:00.0001550" startTime="2026-04-30T11:27:27.7261358-04:00" endTime="2026-04-30T11:27:27.7262910-04:00" testType="13cdc9d9-ddb5-4fa4-a97d-d965ccfc6d4b" outcome="Passed" testListId="8c84fa94-04c1-424b-9868-57a2d4851a1d" relativeResultsDirectory="7e76e19b-0926-42f4-b0b5-376ecb5a3a0d" />
    <UnitTestResult executionId="1446234f-9d01-48b4-9cbb-fd1615390d43" testId="169e5a8a-e811-6cc3-f406-128ad1df5443" testName="ActualizarCategoria_Valida_RetornaOk" computerName="X" duration="00:00:00.0003740" startTime="2026-04-30T11:27:27.7619573-04:00" endTime="2026-04-30T11:27:27.7623311-04:00" testType="13cdc9d9-ddb5-4fa4-a97d-d965ccfc6d4b" outcome="Passed" testListId="8c84fa94-04c1-424b-9868-57a2d4851a1d" relativeResultsDirectory="1446234f-9d01-48b4-9cbb-fd1615390d43" />
    <UnitTestResult executionId="71f48d45-9c64-4086-ad43-ca11c9ed5c6b" testId="cf4868ac-c34f-3217-1f65-443e20b7f293" testName="ActualizarGrupoEquipo_Invalido_RetornaBadRequest(ActualizarGrupoEquipoComando { Id = 1, Nombre = Nombre, Modelo = Modelo, Marca = Marca, Descripcion = Desc, NombreCategoria = Cat, UrlDataSheet = , UrlImagen =  },ErrorCampoRequerido: El campo url de imagen es requerido)" computerName="X" duration="00:00:00.0003310" startTime="2026-04-30T11:27:27.8841107-04:00" endTime="2026-04-30T11:27:27.8844410-04:00" testType="13cdc9d9-ddb5-4fa4-a97d-d965ccfc6d4b" outcome="Passed" testListId="8c84fa94-04c1-424b-9868-57a2d4851a1d" relativeResultsDirectory="71f48d45-9c64-4086-ad43-ca11c9ed5c6b" />
    <UnitTestResult executionId="21be24ca-6aaf-418b-8bda-a6d985792763" testId="3f308904-8ef6-8164-9518-a0c5bfd5730a" testName="CrearCategoria_Invalida_RetornaBadRequest(CrearCategoriaComando { Nombre = aaaaaaaaaaaaaaaaaaaaaaaaaaaaaaaaaaaaaaaaaaaaaaaaaaa },ErrorLongitudInvalida: El nombre de la categoría no puede exceder 50 caracteres)" computerName="X" duration="00:00:00.0002370" startTime="2026-04-30T11:27:27.7629054-04:00" endTime="2026-04-30T11:27:27.7631418-04:00" testType="13cdc9d9-ddb5-4fa4-a97d-d965ccfc6d4b" outcome="Passed" testListId="8c84fa94-04c1-424b-9868-57a2d4851a1d" relativeResultsDirectory="21be24ca-6aaf-418b-8bda-a6d985792763" />
    <UnitTestResult executionId="4f2d3a73-1415-461b-b991-38f3801ed3e0" testId="d0b9c18f-ea85-e585-bbc1-6d7c596a392c" testName="Actualizar_NombreExcedeLimite_RetornaInvalid" computerName="X" duration="00:00:00.0003080" startTime="2026-04-30T11:27:28.6831831-04:00" endTime="2026-04-30T11:27:28.6834906-04:00" testType="13cdc9d9-ddb5-4fa4-a97d-d965ccfc6d4b" outcome="Passed" testListId="8c84fa94-04c1-424b-9868-57a2d4851a1d" relativeResultsDirectory="4f2d3a73-1415-461b-b991-38f3801ed3e0" />
    <UnitTestResult executionId="04923dcb-1f21-40e9-9f91-e4e929e32d91" testId="fe62937b-9c5f-9af5-9b87-5a5c6e4db437" testName="CrearGavetero_Invalido_RetornaBadRequest(CrearGaveteroComando { Nombre = Nombre, Tipo = Tipo, NombreMueble = Mueble, Longitud = -10, Profundidad = , Altura =  },ErrorValorNegativo: El longitud no puede ser menor o igual a cero)" computerName="X" duration="00:00:00.0002030" startTime="2026-04-30T11:27:27.8698104-04:00" endTime="2026-04-30T11:27:27.8700128-04:00" testType="13cdc9d9-ddb5-4fa4-a97d-d965ccfc6d4b" outcome="Passed" testListId="8c84fa94-04c1-424b-9868-57a2d4851a1d" relativeResultsDirectory="04923dcb-1f21-40e9-9f91-e4e929e32d91" />
    <UnitTestResult executionId="9db9f476-4f14-4ec1-9eea-7b646fde8d59" testId="141d0ce3-ce39-1964-60c3-9bec33cd308f" testName="GetComponentes_ConDatos_RetornaOk" computerName="X" duration="00:00:00.0011780" startTime="2026-04-30T11:27:27.8105919-04:00" endTime="2026-04-30T11:27:27.8117694-04:00" testType="13cdc9d9-ddb5-4fa4-a97d-d965ccfc6d4b" outcome="Passed" testListId="8c84fa94-04c1-424b-9868-57a2d4851a1d" relativeResultsDirectory="9db9f476-4f14-4ec1-9eea-7b646fde8d59" />
    <UnitTestResult executionId="4949d212-a3df-4adc-bf92-89216d3b8263" testId="cdb03d4b-a990-6b2c-56e2-ab4dc2f9d180" testName="ActualizarUsuario_Valido_RetornaOk" computerName="X" duration="00:00:00.0047630" startTime="2026-04-30T11:27:28.0135280-04:00" endTime="2026-04-30T11:27:28.0182901-04:00" testType="13cdc9d9-ddb5-4fa4-a97d-d965ccfc6d4b" outcome="Passed" testListId="8c84fa94-04c1-424b-9868-57a2d4851a1d" relativeResultsDirectory="4949d212-a3df-4adc-bf92-89216d3b8263" />
    <UnitTestResult executionId="1d289393-2e15-4149-96c6-22dcb65f18d1" testId="1e8d3ddb-3731-822c-d5ae-65948fa6b771" testName="CrearComentario_ContenidoExcedeLimite_LanzaErrorLongitudInvalida" computerName="X" duration="00:00:00.0003520" startTime="2026-04-30T11:27:28.7394961-04:00" endTime="2026-04-30T11:27:28.7398475-04:00" testType="13cdc9d9-ddb5-4fa4-a97d-d965ccfc6d4b" outcome="Passed" testListId="8c84fa94-04c1-424b-9868-57a2d4851a1d" relativeResultsDirectory="1d289393-2e15-4149-96c6-22dcb65f18d1" />
    <UnitTestResult executionId="398a3ba5-9575-416a-ab65-156f1eb0f557" testId="8dc53e50-71b6-e0fc-1f49-b6ab838e6433" testName="CrearComponente_ServicioError_RetornaError500" computerName="X" duration="00:00:00.0021580" startTime="2026-04-30T11:27:27.7995065-04:00" endTime="2026-04-30T11:27:27.8016645-04:00" testType="13cdc9d9-ddb5-4fa4-a97d-d965ccfc6d4b" outcome="Passed" testListId="8c84fa94-04c1-424b-9868-57a2d4851a1d" relativeResultsDirectory="398a3ba5-9575-416a-ab65-156f1eb0f557" />
    <UnitTestResult executionId="14ffbe82-a867-49ef-b923-a1a00f8defde" testId="9a4fecdb-6c09-8a11-21be-4478a9681bea" testName="Repositorio_CuandoHayExcepcion_LanzaExcepcion" computerName="X" duration="00:00:00.0019390" startTime="2026-04-30T11:27:28.5026972-04:00" endTime="2026-04-30T11:27:28.5046363-04:00" testType="13cdc9d9-ddb5-4fa4-a97d-d965ccfc6d4b" outcome="Failed" testListId="8c84fa94-04c1-424b-9868-57a2d4851a1d" relativeResultsDirectory="14ffbe82-a867-49ef-b923-a1a00f8defde">
      <Output>
        <ErrorInfo>
          <Message>  Expected: &lt;ErrorRepository&gt;&#xD;
  But was:  null&#xD;
</Message>
          <StackTrace>   at IMT_Reservas.Tests.RepositoryTests.GrupoEquipoRepositoryTest.Repositorio_CuandoHayExcepcion_LanzaExcepcion() in C:\Users\USUARIO\Documents\5_SEMESTRE\UCB_Hold\UCB_Hold\Code\Tests\RepositoryTests\Implementations\GrupoEquipoRepositoryTest.cs:line 99&#xD;

1)    at IMT_Reservas.Tests.RepositoryTests.GrupoEquipoRepositoryTest.Repositorio_CuandoHayExcepcion_LanzaExcepcion() in C:\Users\USUARIO\Documents\5_SEMESTRE\UCB_Hold\UCB_Hold\Code\Tests\RepositoryTests\Implementations\GrupoEquipoRepositoryTest.cs:line 99&#xD;

</StackTrace>
        </ErrorInfo>
      </Output>
    </UnitTestResult>
    <UnitTestResult executionId="77cb4b9f-df9c-4f88-acc6-e524787d240f" testId="84048de4-1ae7-8331-56fa-44e9ba763ab5" testName="CrearMantenimiento_Invalido_RetornaBadRequest(CrearMantenimientoComando { FechaMantenimiento = 30/04/2026, FechaFinalDeMantenimiento = 01/05/2026, NombreEmpresaMantenimiento = Empresa, Costo = -100, DescripcionMantenimiento = Desc, CodigoIMT = System.Int32[], TipoMantenimiento = System.String[], DescripcionEquipo = System.String[] },ErrorValorNegativo: El costo no puede ser menor o igual a cero)" computerName="X" duration="00:00:00.0001020" startTime="2026-04-30T11:27:27.9049306-04:00" endTime="2026-04-30T11:27:27.9050327-04:00" testType="13cdc9d9-ddb5-4fa4-a97d-d965ccfc6d4b" outcome="Passed" testListId="8c84fa94-04c1-424b-9868-57a2d4851a1d" relativeResultsDirectory="77cb4b9f-df9c-4f88-acc6-e524787d240f" />
    <UnitTestResult executionId="a3e72f37-e896-4978-ab1c-231721af5ad9" testId="7f1311ea-68cc-a0bd-11a6-3371002ef96a" testName="EliminarUsuario_Valido_RetornaOk" computerName="X" duration="00:00:00.0019930" startTime="2026-04-30T11:27:28.0199244-04:00" endTime="2026-04-30T11:27:28.0219174-04:00" testType="13cdc9d9-ddb5-4fa4-a97d-d965ccfc6d4b" outcome="Passed" testListId="8c84fa94-04c1-424b-9868-57a2d4851a1d" relativeResultsDirectory="a3e72f37-e896-4978-ab1c-231721af5ad9" />
    <UnitTestResult executionId="1648ad49-babd-41ae-9b85-17d0e2647b8c" testId="f0783cbd-42ca-900d-e521-c483f04a30d1" testName="AgregarLike_IdNoExistente_LanzaErrorDataBase" computerName="X" duration="00:00:00.1993220" startTime="2026-04-30T11:27:28.1232185-04:00" endTime="2026-04-30T11:27:28.3225400-04:00" testType="13cdc9d9-ddb5-4fa4-a97d-d965ccfc6d4b" outcome="Failed" testListId="8c84fa94-04c1-424b-9868-57a2d4851a1d" relativeResultsDirectory="1648ad49-babd-41ae-9b85-17d0e2647b8c">
      <Output>
        <ErrorInfo>
          <Message>  Expected: &lt;ErrorDataBase&gt;&#xD;
  But was:  null&#xD;
</Message>
          <StackTrace>   at IMT_Reservas.Tests.RepositoryTests.ComentarioRepositoryTest.AgregarLike_IdNoExistente_LanzaErrorDataBase() in C:\Users\USUARIO\Documents\5_SEMESTRE\UCB_Hold\UCB_Hold\Code\Tests\RepositoryTests\Implementations\ComentarioRepositoryTest.cs:line 114&#xD;

1)    at IMT_Reservas.Tests.RepositoryTests.ComentarioRepositoryTest.AgregarLike_IdNoExistente_LanzaErrorDataBase() in C:\Users\USUARIO\Documents\5_SEMESTRE\UCB_Hold\UCB_Hold\Code\Tests\RepositoryTests\Implementations\ComentarioRepositoryTest.cs:line 114&#xD;

</StackTrace>
        </ErrorInfo>
      </Output>
    </UnitTestResult>
    <UnitTestResult executionId="8ae16e95-82da-4f0d-b837-5329aef24b3b" testId="e7659aa2-7ee7-e719-84d1-1693028a8615" testName="Repositorio_CuandoHayExcepcion_LanzaExcepcion" computerName="X" duration="00:00:00.0023040" startTime="2026-04-30T11:27:28.4289293-04:00" endTime="2026-04-30T11:27:28.4312332-04:00" testType="13cdc9d9-ddb5-4fa4-a97d-d965ccfc6d4b" outcome="Failed" testListId="8c84fa94-04c1-424b-9868-57a2d4851a1d" relativeResultsDirectory="8ae16e95-82da-4f0d-b837-5329aef24b3b">
      <Output>
        <ErrorInfo>
          <Message>  Expected: &lt;ErrorRepository&gt;&#xD;
  But was:  &lt;System.Exception: test exception&#xD;
   at Moq.Behaviors.ThrowException.Execute(Invocation invocation) in /_/src/Moq/Behaviors/ThrowException.cs:line 64&#xD;
   at Moq.MethodCall.ExecuteCore(Invocation invocation) in /_/src/Moq/MethodCall.cs:line 230&#xD;
   at Moq.Setup.Execute(Invocation invocation) in /_/src/Moq/Setup.cs:line 144&#xD;
   at Moq.FindAndExecuteMatchingSetup.Handle(Invocation invocation, Mock mock) in /_/src/Moq/Interception/InterceptionAspects.cs:line 263&#xD;
   at Moq.Mock.Moq.IInterceptor.Intercept(Invocation invocation) in /_/src/Moq/Interception/Mock.cs:line 17&#xD;
   at Moq.CastleProxyFactory.Interceptor.Intercept(IInvocation underlying) in /_/src/Moq/Interception/CastleProxyFactory.cs:line 218&#xD;
   at Castle.DynamicProxy.AbstractInvocation.Proceed()&#xD;
   at Castle.Proxies.IExecuteQueryProxy.EjecutarSpNR(String nombreSp, Dictionary`2 parametros)&#xD;
   at EmpresaMantenimientoRepository.Crear(CrearEmpresaMantenimientoComando comando) in C:\Users\USUARIO\Documents\5_SEMESTRE\UCB_Hold\UCB_Hold\Code\Server\src\Infrastructure\Repositories\Implementations\EmpresaMantenimientoRepository.cs:line 22&#xD;
   at IMT_Reservas.Tests.RepositoryTests.EmpresaMantenimientoRepositoryTest.&lt;Repositorio_CuandoHayExcepcion_LanzaExcepcion&gt;b__7_1() in C:\Users\USUARIO\Documents\5_SEMESTRE\UCB_Hold\UCB_Hold\Code\Tests\RepositoryTests\Implementations\EmpresaMantenimientoRepositoryTest.cs:line 73&#xD;
   at NUnit.Framework.Assert.Throws(IResolveConstraint expression, TestDelegate code, String message, Object[] args)&gt;&#xD;
</Message>
          <StackTrace>   at IMT_Reservas.Tests.RepositoryTests.EmpresaMantenimientoRepositoryTest.Repositorio_CuandoHayExcepcion_LanzaExcepcion() in C:\Users\USUARIO\Documents\5_SEMESTRE\UCB_Hold\UCB_Hold\Code\Tests\RepositoryTests\Implementations\EmpresaMantenimientoRepositoryTest.cs:line 73&#xD;

1)    at IMT_Reservas.Tests.RepositoryTests.EmpresaMantenimientoRepositoryTest.Repositorio_CuandoHayExcepcion_LanzaExcepcion() in C:\Users\USUARIO\Documents\5_SEMESTRE\UCB_Hold\UCB_Hold\Code\Tests\RepositoryTests\Implementations\EmpresaMantenimientoRepositoryTest.cs:line 73&#xD;

</StackTrace>
        </ErrorInfo>
      </Output>
    </UnitTestResult>
    <UnitTestResult executionId="e2f09787-8b40-4751-bce8-1a5648df7791" testId="10ee47b4-061a-dcda-e299-e5b6cc369f56" testName="CrearEquipo_Invalido_RetornaBadRequest(CrearEquipoComando { NombreGrupoEquipo = , Modelo = Modelo, Marca = Marca, CodigoUcb = , Descripcion = , NumeroSerial = , Ubicacion = , Procedencia = , CostoReferencia = , TiempoMaximoPrestamo = , NombreGavetero =  },ErrorNombreRequerido: El nombre es requerido)" computerName="X" duration="00:00:00.0009840" startTime="2026-04-30T11:27:27.8401269-04:00" endTime="2026-04-30T11:27:27.8411101-04:00" testType="13cdc9d9-ddb5-4fa4-a97d-d965ccfc6d4b" outcome="Passed" testListId="8c84fa94-04c1-424b-9868-57a2d4851a1d" relativeResultsDirectory="e2f09787-8b40-4751-bce8-1a5648df7791" />
    <UnitTestResult executionId="6d1d8228-372f-4d90-b6c0-d0025c8bf5d4" testId="6358673b-ed55-2798-0e0e-6fd468485cd0" testName="Eliminar_ComandoValido_RetornaSuccess" computerName="X" duration="00:00:00.0045180" startTime="2026-04-30T11:27:28.9049874-04:00" endTime="2026-04-30T11:27:28.9095047-04:00" testType="13cdc9d9-ddb5-4fa4-a97d-d965ccfc6d4b" outcome="Passed" testListId="8c84fa94-04c1-424b-9868-57a2d4851a1d" relativeResultsDirectory="6d1d8228-372f-4d90-b6c0-d0025c8bf5d4" />
    <UnitTestResult executionId="90829283-cf9c-4217-b785-ed9c15dc7541" testId="e3032de2-270f-0e9f-e790-e0a0c78e4cbf" testName="ObtenerTodos_LlamaEjecutarFuncion_YRetornaDataTable" computerName="X" duration="00:00:00.0023800" startTime="2026-04-30T11:27:28.0752652-04:00" endTime="2026-04-30T11:27:28.0776449-04:00" testType="13cdc9d9-ddb5-4fa4-a97d-d965ccfc6d4b" outcome="Failed" testListId="8c84fa94-04c1-424b-9868-57a2d4851a1d" relativeResultsDirectory="90829283-cf9c-4217-b785-ed9c15dc7541">
      <Output>
        <ErrorInfo>
          <Message>System.NullReferenceException : Object reference not set to an instance of an object.</Message>
          <StackTrace>   at CarreraRepository.ObtenerTodos() in C:\Users\USUARIO\Documents\5_SEMESTRE\UCB_Hold\UCB_Hold\Code\Server\src\Infrastructure\Repositories\Implementations\CarreraRepository.cs:line 49&#xD;
   at IMT_Reservas.Tests.RepositoryTests.CarreraRepositoryTest.ObtenerTodos_LlamaEjecutarFuncion_YRetornaDataTable() in C:\Users\USUARIO\Documents\5_SEMESTRE\UCB_Hold\UCB_Hold\Code\Tests\RepositoryTests\Implementations\CarreraRepositoryTest.cs:line 39&#xD;
   at System.RuntimeMethodHandle.InvokeMethod(Object target, Void** arguments, Signature sig, Boolean isConstructor)&#xD;
   at System.Reflection.MethodBaseInvoker.InvokeWithNoArgs(Object obj, BindingFlags invokeAttr)
</StackTrace>
        </ErrorInfo>
      </Output>
    </UnitTestResult>
    <UnitTestResult executionId="68ac8552-7294-46db-9918-b21c50c3de3c" testId="8b63c2b5-2e41-7c50-8c48-0f4814d8df68" testName="ObtenerTodos_LlamaEjecutarFuncion_YRetornaDataTable" computerName="X" duration="00:00:00.0023290" startTime="2026-04-30T11:27:28.4740499-04:00" endTime="2026-04-30T11:27:28.4763785-04:00" testType="13cdc9d9-ddb5-4fa4-a97d-d965ccfc6d4b" outcome="Failed" testListId="8c84fa94-04c1-424b-9868-57a2d4851a1d" relativeResultsDirectory="68ac8552-7294-46db-9918-b21c50c3de3c">
      <Output>
        <ErrorInfo>
          <Message>System.NullReferenceException : Object reference not set to an instance of an object.</Message>
          <StackTrace>   at GaveteroRepository.ObtenerTodos() in C:\Users\USUARIO\Documents\5_SEMESTRE\UCB_Hold\UCB_Hold\Code\Server\src\Infrastructure\Repositories\Implementations\GaveteroRepository.cs:line 75&#xD;
   at IMT_Reservas.Tests.RepositoryTests.GaveteroRepositoryTest.ObtenerTodos_LlamaEjecutarFuncion_YRetornaDataTable() in C:\Users\USUARIO\Documents\5_SEMESTRE\UCB_Hold\UCB_Hold\Code\Tests\RepositoryTests\Implementations\GaveteroRepositoryTest.cs:line 39&#xD;
   at System.RuntimeMethodHandle.InvokeMethod(Object target, Void** arguments, Signature sig, Boolean isConstructor)&#xD;
   at System.Reflection.MethodBaseInvoker.InvokeWithNoArgs(Object obj, BindingFlags invokeAttr)
</StackTrace>
        </ErrorInfo>
      </Output>
    </UnitTestResult>
    <UnitTestResult executionId="5aabdc53-b779-4705-a21e-6e046d79d314" testId="cdee7e70-eb89-2c63-40e4-090eca1e2f64" testName="Crear_NombreExcedeLimite_RetornaInvalid" computerName="X" duration="00:00:00.0005530" startTime="2026-04-30T11:27:28.7676635-04:00" endTime="2026-04-30T11:27:28.7682163-04:00" testType="13cdc9d9-ddb5-4fa4-a97d-d965ccfc6d4b" outcome="Passed" testListId="8c84fa94-04c1-424b-9868-57a2d4851a1d" relativeResultsDirectory="5aabdc53-b779-4705-a21e-6e046d79d314" />
    <UnitTestResult executionId="84cca2d7-dfb5-4803-a11b-e5c513a29d6a" testId="c80ab679-e448-d9cc-6b79-46cf36e80e25" testName="CrearComponente_Invalido_RetornaBadRequest(CrearComponenteComando { Nombre = aaaaaaaaaaaaaaaaaaaaaaaaaaaaaaaaaaaaaaaaaaaaaaaaaaaaaaaaaaaaaaaaaaaaaaaaaaaaaaaaaaaaaaaaaaaaaaaaaaaaaaaaaaaaaaaaaaaaaaaaaaaaaaaaaaaaaaaaaaaaaaaaaaaaaaaaaaaaaaaaaaaaaaaaaaaaaaaaaaaaaaaaaaaaaaaaaaaaaaaaaaaaaaaaaaaaaaaaaaaaaaaaaaaaaaaaaaaaaaaaaaaaaaaaaaaaaaaa, Modelo = SN2, Tipo = Tipo, CodigoIMT = 1, Descripcion = desc, PrecioReferencia = 10, UrlDataSheet =  },ErrorLongitudInvalida: El nombre no puede exceder 255 caracteres)" computerName="X" duration="00:00:00.0003810" startTime="2026-04-30T11:27:27.7981070-04:00" endTime="2026-04-30T11:27:27.7984877-04:00" testType="13cdc9d9-ddb5-4fa4-a97d-d965ccfc6d4b" outcome="Passed" testListId="8c84fa94-04c1-424b-9868-57a2d4851a1d" relativeResultsDirectory="84cca2d7-dfb5-4803-a11b-e5c513a29d6a" />
    <UnitTestResult executionId="4717811c-8a02-4526-8990-3f6c650570e7" testId="ce173e61-37ce-f039-d016-aaa0d6dc4472" testName="ActualizarMueble_ServicioError_RetornaError500" computerName="X" duration="00:00:00.0005940" startTime="2026-04-30T11:27:27.9185162-04:00" endTime="2026-04-30T11:27:27.9191096-04:00" testType="13cdc9d9-ddb5-4fa4-a97d-d965ccfc6d4b" outcome="Passed" testListId="8c84fa94-04c1-424b-9868-57a2d4851a1d" relativeResultsDirectory="4717811c-8a02-4526-8990-3f6c650570e7" />
    <UnitTestResult executionId="1ebf5135-cbae-493c-8d25-7f910f6ef9d5" testId="1c883c42-bf4e-73da-8537-a8f9ffdea33b" testName="ActualizarEmpresa_Invalida_RetornaBadRequest(ActualizarEmpresaMantenimientoComando { Id = 1, NombreEmpresa = Empresa Valida, NombreResponsable = , ApellidoResponsable = , Telefono = aaaaaaaaaaaaaaaaaaaaa, Direccion = , Nit =  },ErrorLongitudInvalida: El telefono no puede exceder 20 caracteres)" computerName="X" duration="00:00:00.0001060" startTime="2026-04-30T11:27:27.8197515-04:00" endTime="2026-04-30T11:27:27.8198569-04:00" testType="13cdc9d9-ddb5-4fa4-a97d-d965ccfc6d4b" outcome="Passed" testListId="8c84fa94-04c1-424b-9868-57a2d4851a1d" relativeResultsDirectory="1ebf5135-cbae-493c-8d25-7f910f6ef9d5" />
    <UnitTestResult executionId="c095f155-d80a-4101-9c0a-0c7c62be6914" testId="b513cd25-42a6-71c6-c8e4-c25c5714ae1d" testName="Crear_LlamaExecuteSpNR_ConParametrosCorrectos" computerName="X" duration="00:00:00.0038120" startTime="2026-04-30T11:27:28.4010004-04:00" endTime="2026-04-30T11:27:28.4048117-04:00" testType="13cdc9d9-ddb5-4fa4-a97d-d965ccfc6d4b" outcome="Failed" testListId="8c84fa94-04c1-424b-9868-57a2d4851a1d" relativeResultsDirectory="c095f155-d80a-4101-9c0a-0c7c62be6914">
      <Output>
        <ErrorInfo>
          <Message>Moq.MockException : &#xD;
Expected invocation on the mock once, but was 0 times: e =&gt; e.EjecutarSpNR(It.Is&lt;string&gt;(s =&gt; s.Contains("insertar_componente")), It.Is&lt;Dictionary&lt;string, object&gt;&gt;(d =&gt; (string)d["nombre"] == comando.Nombre))&#xD;
&#xD;
Performed invocations:&#xD;
&#xD;
   Mock&lt;IExecuteQuery:16&gt; (e):&#xD;
   No invocations performed.&#xD;
</Message>
          <StackTrace>   at Moq.Mock.Verify(Mock mock, LambdaExpression expression, Times times, String failMessage) in /_/src/Moq/Mock.cs:line 331&#xD;
   at Moq.Mock`1.Verify(Expression`1 expression, Times times) in /_/src/Moq/Mock`1.cs:line 920&#xD;
   at Moq.Mock`1.Verify(Expression`1 expression, Func`1 times) in /_/src/Moq/Mock`1.cs:line 934&#xD;
   at IMT_Reservas.Tests.RepositoryTests.ComponenteRepositoryTest.Crear_LlamaExecuteSpNR_ConParametrosCorrectos() in C:\Users\USUARIO\Documents\5_SEMESTRE\UCB_Hold\UCB_Hold\Code\Tests\RepositoryTests\Implementations\ComponenteRepositoryTest.cs:line 26&#xD;
   at System.RuntimeMethodHandle.InvokeMethod(Object target, Void** arguments, Signature sig, Boolean isConstructor)&#xD;
   at System.Reflection.MethodBaseInvoker.InvokeWithNoArgs(Object obj, BindingFlags invokeAttr)
</StackTrace>
        </ErrorInfo>
      </Output>
    </UnitTestResult>
    <UnitTestResult executionId="1f2fa616-6d70-4bea-9a6f-250d9bf6f1be" testId="83a509af-ea14-d28f-6bf5-fb70651f7c09" testName="ObtenerTodos_LlamaEjecutarFuncion_YRetornaDataTable" computerName="X" duration="00:00:00.0026170" startTime="2026-04-30T11:27:28.6158586-04:00" endTime="2026-04-30T11:27:28.6184750-04:00" testType="13cdc9d9-ddb5-4fa4-a97d-d965ccfc6d4b" outcome="Failed" testListId="8c84fa94-04c1-424b-9868-57a2d4851a1d" relativeResultsDirectory="1f2fa616-6d70-4bea-9a6f-250d9bf6f1be">
      <Output>
        <ErrorInfo>
          <Message>System.NullReferenceException : Object reference not set to an instance of an object.</Message>
          <StackTrace>   at PrestamoRepository.ObtenerTodos() in C:\Users\USUARIO\Documents\5_SEMESTRE\UCB_Hold\UCB_Hold\Code\Server\src\Infrastructure\Repositories\Implementations\PrestamoRepository.cs:line 148&#xD;
   at IMT_Reservas.Tests.RepositoryTests.PrestamoRepositoryTest.ObtenerTodos_LlamaEjecutarFuncion_YRetornaDataTable() in C:\Users\USUARIO\Documents\5_SEMESTRE\UCB_Hold\UCB_Hold\Code\Tests\RepositoryTests\Implementations\PrestamoRepositoryTest.cs:line 64&#xD;
   at System.RuntimeMethodHandle.InvokeMethod(Object target, Void** arguments, Signature sig, Boolean isConstructor)&#xD;
   at System.Reflection.MethodBaseInvoker.InvokeWithNoArgs(Object obj, BindingFlags invokeAttr)
</StackTrace>
        </ErrorInfo>
      </Output>
    </UnitTestResult>
    <UnitTestResult executionId="4934bd81-0ca7-45f6-9575-983b7596de62" testId="089caaec-bedc-d69e-ccc8-e04c9198195d" testName="ActualizarCategoria_Invalida_RetornaBadRequest(ActualizarCategoriaComando { Id = 1, Nombre = aaaaaaaaaaaaaaaaaaaaaaaaaaaaaaaaaaaaaaaaaaaaaaaaaaa },ErrorLongitudInvalida: El nombre de la categoría no puede exceder 50 caracteres)" computerName="X" duration="00:00:00.0001070" startTime="2026-04-30T11:27:27.7607450-04:00" endTime="2026-04-30T11:27:27.7608517-04:00" testType="13cdc9d9-ddb5-4fa4-a97d-d965ccfc6d4b" outcome="Passed" testListId="8c84fa94-04c1-424b-9868-57a2d4851a1d" relativeResultsDirectory="4934bd81-0ca7-45f6-9575-983b7596de62" />
    <UnitTestResult executionId="dceb0274-77bc-47d1-9027-6f0cf5f553e3" testId="a340415f-e0c1-3218-7c73-c47d3c0a785b" testName="GetMuebles_ConDatos_RetornaOk" computerName="X" duration="00:00:00.0012300" startTime="2026-04-30T11:27:27.9294652-04:00" endTime="2026-04-30T11:27:27.9306953-04:00" testType="13cdc9d9-ddb5-4fa4-a97d-d965ccfc6d4b" outcome="Passed" testListId="8c84fa94-04c1-424b-9868-57a2d4851a1d" relativeResultsDirectory="dceb0274-77bc-47d1-9027-6f0cf5f553e3" />
    <UnitTestResult executionId="4aa711e1-15e6-4e17-bc34-03b49fbc4ded" testId="d8037225-d4c1-ce86-e488-baa9ba079ce3" testName="ActualizarMueble_Valido_RetornaOk" computerName="X" duration="00:00:00.0007130" startTime="2026-04-30T11:27:27.9191383-04:00" endTime="2026-04-30T11:27:27.9198515-04:00" testType="13cdc9d9-ddb5-4fa4-a97d-d965ccfc6d4b" outcome="Passed" testListId="8c84fa94-04c1-424b-9868-57a2d4851a1d" relativeResultsDirectory="4aa711e1-15e6-4e17-bc34-03b49fbc4ded" />
    <UnitTestResult executionId="7a363c61-119d-488b-b08e-63b9e64cbaf6" testId="eb1c9361-a8f7-13f3-79b2-569b9f5fab53" testName="Crear_ModeloExcedeLimite_RetornaInvalid" computerName="X" duration="00:00:00.0005530" startTime="2026-04-30T11:27:28.7670833-04:00" endTime="2026-04-30T11:27:28.7676355-04:00" testType="13cdc9d9-ddb5-4fa4-a97d-d965ccfc6d4b" outcome="Passed" testListId="8c84fa94-04c1-424b-9868-57a2d4851a1d" relativeResultsDirectory="7a363c61-119d-488b-b08e-63b9e64cbaf6" />
    <UnitTestResult executionId="5071dda1-8ead-4b1b-9b2e-0ad3b9134c64" testId="65b705f7-32bd-b77a-cae5-2ffb178373ee" testName="CrearEquipo_Invalido_RetornaBadRequest(CrearEquipoComando { NombreGrupoEquipo = Laptop, Modelo = Modelo, Marca = , CodigoUcb = , Descripcion = , NumeroSerial = , Ubicacion = , Procedencia = , CostoReferencia = , TiempoMaximoPrestamo = , NombreGavetero =  },ErrorNombreRequerido: El nombre es requerido)" computerName="X" duration="00:00:00.0002000" startTime="2026-04-30T11:27:27.8416284-04:00" endTime="2026-04-30T11:27:27.8418281-04:00" testType="13cdc9d9-ddb5-4fa4-a97d-d965ccfc6d4b" outcome="Passed" testListId="8c84fa94-04c1-424b-9868-57a2d4851a1d" relativeResultsDirectory="5071dda1-8ead-4b1b-9b2e-0ad3b9134c64" />
    <UnitTestResult executionId="d699ed72-058a-454c-acc5-d690ecea7d58" testId="74b60e30-02e0-dad3-c3f9-9190cce87bf4" testName="CrearEquipo_Invalido_RetornaBadRequest(CrearEquipoComando { NombreGrupoEquipo = Laptop, Modelo = , Marca = Marca, CodigoUcb = , Descripcion = , NumeroSerial = , Ubicacion = , Procedencia = , CostoReferencia = , TiempoMaximoPrestamo = , NombreGavetero =  },ErrorModeloRequerido: El modelo es requerido)" computerName="X" duration="00:00:00.0004620" startTime="2026-04-30T11:27:27.8411380-04:00" endTime="2026-04-30T11:27:27.8416002-04:00" testType="13cdc9d9-ddb5-4fa4-a97d-d965ccfc6d4b" outcome="Passed" testListId="8c84fa94-04c1-424b-9868-57a2d4851a1d" relativeResultsDirectory="d699ed72-058a-454c-acc5-d690ecea7d58" />
    <UnitTestResult executionId="243a81f9-54f4-4cc5-9bc1-0d2b2391c360" testId="3916df1f-e566-ae70-b543-d9e775506526" testName="CrearCarrera_Invalido_RetornaBadRequest(CrearCarreraComando { Nombre =  },ErrorNombreRequerido: El nombre es requerido)" computerName="X" duration="00:00:00.0012300" startTime="2026-04-30T11:27:27.9960270-04:00" endTime="2026-04-30T11:27:27.9972569-04:00" testType="13cdc9d9-ddb5-4fa4-a97d-d965ccfc6d4b" outcome="Passed" testListId="8c84fa94-04c1-424b-9868-57a2d4851a1d" relativeResultsDirectory="243a81f9-54f4-4cc5-9bc1-0d2b2391c360" />
    <UnitTestResult executionId="44ec0b0b-b215-4622-872d-c8df21b9bab9" testId="f170592d-989f-995d-5dca-a6ee33fb527f" testName="EliminarEmpresa_EnUso_RetornaConflict" computerName="X" duration="00:00:00.0009150" startTime="2026-04-30T11:27:27.8263908-04:00" endTime="2026-04-30T11:27:27.8273059-04:00" testType="13cdc9d9-ddb5-4fa4-a97d-d965ccfc6d4b" outcome="Passed" testListId="8c84fa94-04c1-424b-9868-57a2d4851a1d" relativeResultsDirectory="44ec0b0b-b215-4622-872d-c8df21b9bab9" />
    <UnitTestResult executionId="aefec4c9-f809-4f2b-a03b-1c28a84a85b4" testId="a25518ed-675b-7bcb-e859-7ee5ab3db596" testName="ActualizarEmpresa_Invalida_RetornaBadRequest(ActualizarEmpresaMantenimientoComando { Id = 1, NombreEmpresa = , NombreResponsable = , ApellidoResponsable = , Telefono = , Direccion = , Nit =  },ErrorNombreRequerido: El nombre es requerido)" computerName="X" duration="00:00:00.0008520" startTime="2026-04-30T11:27:27.8186610-04:00" endTime="2026-04-30T11:27:27.8195129-04:00" testType="13cdc9d9-ddb5-4fa4-a97d-d965ccfc6d4b" outcome="Passed" testListId="8c84fa94-04c1-424b-9868-57a2d4851a1d" relativeResultsDirectory="aefec4c9-f809-4f2b-a03b-1c28a84a85b4" />
    <UnitTestResult executionId="dfd28bfc-3811-4770-805f-8aac36baa8c7" testId="d4b0477d-8c24-21fc-21ce-357de30bc1bd" testName="CrearGrupoEquipo_Invalido_RetornaBadRequest(CrearGrupoEquipoComando { Nombre = Nombre, Modelo = Modelo, Marca = , Descripcion = Desc, NombreCategoria = Cat, UrlDataSheet = , UrlImagen = img },ErrorCampoRequerido: El campo marca es requerido)" computerName="X" duration="00:00:00.0002080" startTime="2026-04-30T11:27:27.8875374-04:00" endTime="2026-04-30T11:27:27.8877455-04:00" testType="13cdc9d9-ddb5-4fa4-a97d-d965ccfc6d4b" outcome="Passed" testListId="8c84fa94-04c1-424b-9868-57a2d4851a1d" relativeResultsDirectory="dfd28bfc-3811-4770-805f-8aac36baa8c7" />
    <UnitTestResult executionId="a6b149a4-bfb6-440c-acd3-698c4dcfeeb9" testId="749b1df4-33d0-0303-4506-3af111030ebc" testName="ObtenerNotificacionesPorUsuario_CuandoHayDatos_RetornaListaDeDtos" computerName="X" duration="00:00:00.0038420" startTime="2026-04-30T11:27:28.9542061-04:00" endTime="2026-04-30T11:27:28.9580475-04:00" testType="13cdc9d9-ddb5-4fa4-a97d-d965ccfc6d4b" outcome="Passed" testListId="8c84fa94-04c1-424b-9868-57a2d4851a1d" relativeResultsDirectory="a6b149a4-bfb6-440c-acd3-698c4dcfeeb9" />
    <UnitTestResult executionId="0ba6b7eb-9df1-487c-b20c-937bb0069334" testId="53a8b3ee-fb0c-8de0-1489-ce5cf939bb98" testName="ObtenerTodos_CuandoHayDatos_RetornaListaDeDtos" computerName="X" duration="00:00:00.0030840" startTime="2026-04-30T11:27:28.7732563-04:00" endTime="2026-04-30T11:27:28.7763401-04:00" testType="13cdc9d9-ddb5-4fa4-a97d-d965ccfc6d4b" outcome="Passed" testListId="8c84fa94-04c1-424b-9868-57a2d4851a1d" relativeResultsDirectory="0ba6b7eb-9df1-487c-b20c-937bb0069334" />
    <UnitTestResult executionId="6e96d55d-3fef-4c10-afa6-9764487bd16f" testId="e44f945b-c96d-aa9f-6522-29e2ee54c5b3" testName="ActualizarCarrera_ServicioError_RetornaError500" computerName="X" duration="00:00:00.0008590" startTime="2026-04-30T11:27:27.9941626-04:00" endTime="2026-04-30T11:27:27.9950216-04:00" testType="13cdc9d9-ddb5-4fa4-a97d-d965ccfc6d4b" outcome="Passed" testListId="8c84fa94-04c1-424b-9868-57a2d4851a1d" relativeResultsDirectory="6e96d55d-3fef-4c10-afa6-9764487bd16f" />
    <UnitTestResult executionId="c1370926-4d3a-41cd-a990-536776abc91a" testId="15756edd-1f84-3158-dd51-9b32dc94986d" testName="EliminarEmpresa_NoEncontrada_RetornaNotFound" computerName="X" duration="00:00:00.0005130" startTime="2026-04-30T11:27:27.8279791-04:00" endTime="2026-04-30T11:27:27.8284915-04:00" testType="13cdc9d9-ddb5-4fa4-a97d-d965ccfc6d4b" outcome="Passed" testListId="8c84fa94-04c1-424b-9868-57a2d4851a1d" relativeResultsDirectory="c1370926-4d3a-41cd-a990-536776abc91a" />
    <UnitTestResult executionId="f4535663-f119-4173-ae7a-44ee5da7b586" testId="7cb36a22-35a6-c1a2-e1e8-fa97e1790201" testName="Eliminar_ComandoValido_RetornaSuccess" computerName="X" duration="00:00:00.0043610" startTime="2026-04-30T11:27:28.8297804-04:00" endTime="2026-04-30T11:27:28.8341405-04:00" testType="13cdc9d9-ddb5-4fa4-a97d-d965ccfc6d4b" outcome="Passed" testListId="8c84fa94-04c1-424b-9868-57a2d4851a1d" relativeResultsDirectory="f4535663-f119-4173-ae7a-44ee5da7b586" />
    <UnitTestResult executionId="e98dca17-25b5-40f9-8279-c6340a53dbc3" testId="9f36c421-987b-52ac-ee3c-d7651debd5b0" testName="AgregarLikeComentario_ComandoValido_LlamaRepositorioAgregarLike" computerName="X" duration="00:00:00.0081330" startTime="2026-04-30T11:27:28.7271206-04:00" endTime="2026-04-30T11:27:28.7352528-04:00" testType="13cdc9d9-ddb5-4fa4-a97d-d965ccfc6d4b" outcome="Passed" testListId="8c84fa94-04c1-424b-9868-57a2d4851a1d" relativeResultsDirectory="e98dca17-25b5-40f9-8279-c6340a53dbc3" />
    <UnitTestResult executionId="e04dbc87-12ab-4de4-9aef-152d64c9648c" testId="be205b8c-6799-42fb-b1ab-5b62a07c8087" testName="EliminarComponente_NoEncontrado_RetornaNotFound" computerName="X" duration="00:00:00.0008500" startTime="2026-04-30T11:27:27.8043930-04:00" endTime="2026-04-30T11:27:27.8052424-04:00" testType="13cdc9d9-ddb5-4fa4-a97d-d965ccfc6d4b" outcome="Passed" testListId="8c84fa94-04c1-424b-9868-57a2d4851a1d" relativeResultsDirectory="e04dbc87-12ab-4de4-9aef-152d64c9648c" />
    <UnitTestResult executionId="89edf501-2e27-4bff-8bf2-7acb80aa86e3" testId="d9e1fb84-17b6-0a3a-f542-4ac103c843d5" testName="CrearEquipo_Invalido_RetornaBadRequest(CrearEquipoComando { NombreGrupoEquipo = Laptop, Modelo = Modelo, Marca = Marca, CodigoUcb = , Descripcion = , NumeroSerial = , Ubicacion = , Procedencia = , CostoReferencia = , TiempoMaximoPrestamo = 0, NombreGavetero =  },IMT_Reservas.Server.Shared.Common.ErrorIdInvalido: El ID Id inválido es requerido y debe ser mayor a 0)" computerName="X" duration="00:00:00.0001020" startTime="2026-04-30T11:27:27.8419632-04:00" endTime="2026-04-30T11:27:27.8420650-04:00" testType="13cdc9d9-ddb5-4fa4-a97d-d965ccfc6d4b" outcome="Passed" testListId="8c84fa94-04c1-424b-9868-57a2d4851a1d" relativeResultsDirectory="89edf501-2e27-4bff-8bf2-7acb80aa86e3" />
    <UnitTestResult executionId="ee0cd128-c3d4-454a-aa13-e79dceffa534" testId="d110529d-390f-c142-43b9-c3104a64531c" testName="CrearEmpresa_Valida_RetornaCreated" computerName="X" duration="00:00:00.0006130" startTime="2026-04-30T11:27:27.8257520-04:00" endTime="2026-04-30T11:27:27.8263648-04:00" testType="13cdc9d9-ddb5-4fa4-a97d-d965ccfc6d4b" outcome="Passed" testListId="8c84fa94-04c1-424b-9868-57a2d4851a1d" relativeResultsDirectory="ee0cd128-c3d4-454a-aa13-e79dceffa534" />
    <UnitTestResult executionId="d367639a-c948-41fb-ab32-2b5f6a8fde51" testId="bb0b037b-6fad-5371-41bd-e6b90e7677b2" testName="Repositorio_CuandoHayExcepcion_LanzaExcepcion" computerName="X" duration="00:00:00.0025490" startTime="2026-04-30T11:27:28.4586553-04:00" endTime="2026-04-30T11:27:28.4612041-04:00" testType="13cdc9d9-ddb5-4fa4-a97d-d965ccfc6d4b" outcome="Failed" testListId="8c84fa94-04c1-424b-9868-57a2d4851a1d" relativeResultsDirectory="d367639a-c948-41fb-ab32-2b5f6a8fde51">
      <Output>
        <ErrorInfo>
          <Message>  Expected: &lt;ErrorRepository&gt;&#xD;
  But was:  null&#xD;
</Message>
          <StackTrace>   at IMT_Reservas.Tests.RepositoryTests.EquipoRepositoryTest.Repositorio_CuandoHayExcepcion_LanzaExcepcion() in C:\Users\USUARIO\Documents\5_SEMESTRE\UCB_Hold\UCB_Hold\Code\Tests\RepositoryTests\Implementations\EquipoRepositoryTest.cs:line 73&#xD;

1)    at IMT_Reservas.Tests.RepositoryTests.EquipoRepositoryTest.Repositorio_CuandoHayExcepcion_LanzaExcepcion() in C:\Users\USUARIO\Documents\5_SEMESTRE\UCB_Hold\UCB_Hold\Code\Tests\RepositoryTests\Implementations\EquipoRepositoryTest.cs:line 73&#xD;

</StackTrace>
        </ErrorInfo>
      </Output>
    </UnitTestResult>
    <UnitTestResult executionId="214921a1-4e6f-4308-8f5f-eb896c746586" testId="7771a6fb-d23c-8401-2c6d-7e7349821136" testName="ActualizarComponente_Invalido_RetornaBadRequest(ActualizarComponenteComando { Id = 0, Nombre = Inválido, Modelo = modelo, Tipo = tipo, CodigoIMT = 1, Descripcion = , PrecioReferencia = 0, UrlDataSheet =  },IMT_Reservas.Server.Shared.Common.ErrorIdInvalido: El ID Id inválido es requerido y debe ser mayor a 0)" computerName="X" duration="00:00:00.0067910" startTime="2026-04-30T11:27:27.7872617-04:00" endTime="2026-04-30T11:27:27.7940517-04:00" testType="13cdc9d9-ddb5-4fa4-a97d-d965ccfc6d4b" outcome="Passed" testListId="8c84fa94-04c1-424b-9868-57a2d4851a1d" relativeResultsDirectory="214921a1-4e6f-4308-8f5f-eb896c746586" />
    <UnitTestResult executionId="8e87bf84-4a2b-400d-93e6-2360a90b9c07" testId="92c7c3fa-f1dd-1b24-670a-bdd6298455e1" testName="Actualizar_LlamaExecuteSpNR_ConParametrosCorrectos" computerName="X" duration="00:00:00.0027130" startTime="2026-04-30T11:27:28.1108521-04:00" endTime="2026-04-30T11:27:28.1135650-04:00" testType="13cdc9d9-ddb5-4fa4-a97d-d965ccfc6d4b" outcome="Failed" testListId="8c84fa94-04c1-424b-9868-57a2d4851a1d" relativeResultsDirectory="8e87bf84-4a2b-400d-93e6-2360a90b9c07">
      <Output>
        <ErrorInfo>
          <Message>Moq.MockException : &#xD;
Expected invocation on the mock once, but was 0 times: e =&gt; e.EjecutarSpNR(It.Is&lt;string&gt;(s =&gt; s.Contains("actualizar_categoria")), It.Is&lt;Dictionary&lt;string, object&gt;&gt;(d =&gt; (int)d["id"] == comando.Id))&#xD;
&#xD;
Performed invocations:&#xD;
&#xD;
   Mock&lt;IExecuteQuery:10&gt; (e):&#xD;
&#xD;
      IExecuteQuery.EjecutarSpNR("UPDATE public.categorias SET nombre = COALESCE(@nombre, nombre) WHERE id_categoria = @id AND estado_eliminado = FALSE", Dictionary&lt;string, object&gt;)&#xD;
</Message>
          <StackTrace>   at Moq.Mock.Verify(Mock mock, LambdaExpression expression, Times times, String failMessage) in /_/src/Moq/Mock.cs:line 331&#xD;
   at Moq.Mock`1.Verify(Expression`1 expression, Times times) in /_/src/Moq/Mock`1.cs:line 920&#xD;
   at Moq.Mock`1.Verify(Expression`1 expression, Func`1 times) in /_/src/Moq/Mock`1.cs:line 934&#xD;
   at IMT_Reservas.Tests.RepositoryTests.CategoriaRepositoryTest.Actualizar_LlamaExecuteSpNR_ConParametrosCorrectos() in C:\Users\USUARIO\Documents\5_SEMESTRE\UCB_Hold\UCB_Hold\Code\Tests\RepositoryTests\Implementations\CategoriaRepositoryTest.cs:line 49&#xD;
   at System.RuntimeMethodHandle.InvokeMethod(Object target, Void** arguments, Signature sig, Boolean isConstructor)&#xD;
   at System.Reflection.MethodBaseInvoker.InvokeWithNoArgs(Object obj, BindingFlags invokeAttr)
</StackTrace>
        </ErrorInfo>
      </Output>
    </UnitTestResult>
    <UnitTestResult executionId="424a47ad-2afa-47fc-9045-0df21478f5a2" testId="ea3e38a7-f54d-767d-588e-465074ae882d" testName="ActualizarGrupoEquipo_NoEncontrado_RetornaNotFound" computerName="X" duration="00:00:00.0008000" startTime="2026-04-30T11:27:27.8844856-04:00" endTime="2026-04-30T11:27:27.8852852-04:00" testType="13cdc9d9-ddb5-4fa4-a97d-d965ccfc6d4b" outcome="Passed" testListId="8c84fa94-04c1-424b-9868-57a2d4851a1d" relativeResultsDirectory="424a47ad-2afa-47fc-9045-0df21478f5a2" />
    <UnitTestResult executionId="745a8ff6-29af-48ef-9981-707c5f4394f6" testId="f4492ff8-57ec-3914-763d-9d831b57ecd8" testName="Crear_LlamaAInsertOne" computerName="X" duration="00:00:00.0030570" startTime="2026-04-30T11:27:28.5424531-04:00" endTime="2026-04-30T11:27:28.5455096-04:00" testType="13cdc9d9-ddb5-4fa4-a97d-d965ccfc6d4b" outcome="Passed" testListId="8c84fa94-04c1-424b-9868-57a2d4851a1d" relativeResultsDirectory="745a8ff6-29af-48ef-9981-707c5f4394f6" />
    <UnitTestResult executionId="f91e3fae-fce1-4ced-bdaa-7f82c77493ff" testId="73973e70-0af6-3108-b49a-045e943e8864" testName="ActualizarEmpresa_Valida_RetornaOk" computerName="X" duration="00:00:00.0007210" startTime="2026-04-30T11:27:27.8220818-04:00" endTime="2026-04-30T11:27:27.8228031-04:00" testType="13cdc9d9-ddb5-4fa4-a97d-d965ccfc6d4b" outcome="Passed" testListId="8c84fa94-04c1-424b-9868-57a2d4851a1d" relativeResultsDirectory="f91e3fae-fce1-4ced-bdaa-7f82c77493ff" />
    <UnitTestResult executionId="61b5540e-c5a9-46e4-8c66-dd9bc229ee3f" testId="c973b84a-7fc1-9f65-2ba9-4bfd4415150d" testName="Eliminar_IdInvalido_RetornaInvalid" computerName="X" duration="00:00:00.0005580" startTime="2026-04-30T11:27:28.8007644-04:00" endTime="2026-04-30T11:27:28.8013215-04:00" testType="13cdc9d9-ddb5-4fa4-a97d-d965ccfc6d4b" outcome="Passed" testListId="8c84fa94-04c1-424b-9868-57a2d4851a1d" relativeResultsDirectory="61b5540e-c5a9-46e4-8c66-dd9bc229ee3f" />
    <UnitTestResult executionId="eaa04846-ca09-4e3a-9b75-f7a8bb7c90a5" testId="b7a1e729-d577-24c1-3c70-e2536ebfa316" testName="CrearGavetero_Invalido_RetornaBadRequest(CrearGaveteroComando { Nombre = Nombre, Tipo = Tipo, NombreMueble = Mueble, Longitud = , Profundidad = , Altura = -10 },ErrorValorNegativo: El altura no puede ser menor o igual a cero)" computerName="X" duration="00:00:00.0000970" startTime="2026-04-30T11:27:27.8701557-04:00" endTime="2026-04-30T11:27:27.8702523-04:00" testType="13cdc9d9-ddb5-4fa4-a97d-d965ccfc6d4b" outcome="Passed" testListId="8c84fa94-04c1-424b-9868-57a2d4851a1d" relativeResultsDirectory="eaa04846-ca09-4e3a-9b75-f7a8bb7c90a5" />
    <UnitTestResult executionId="8a7ef7b5-e42d-499d-94b9-9d265443f62c" testId="eca744be-a396-1fd1-1f72-aa0490fc2ebc" testName="Eliminar_LlamaExecuteSpNR_ConParametrosCorrectos" computerName="X" duration="00:00:00.0017550" startTime="2026-04-30T11:27:28.0734787-04:00" endTime="2026-04-30T11:27:28.0752335-04:00" testType="13cdc9d9-ddb5-4fa4-a97d-d965ccfc6d4b" outcome="Failed" testListId="8c84fa94-04c1-424b-9868-57a2d4851a1d" relativeResultsDirectory="8a7ef7b5-e42d-499d-94b9-9d265443f62c">
      <Output>
        <ErrorInfo>
          <Message>System.NullReferenceException : Object reference not set to an instance of an object.</Message>
          <StackTrace>   at CarreraRepository.ExisteActivaPorId(Int32 id) in C:\Users\USUARIO\Documents\5_SEMESTRE\UCB_Hold\UCB_Hold\Code\Server\src\Infrastructure\Repositories\Implementations\CarreraRepository.cs:line 59&#xD;
   at CarreraRepository.Eliminar(EliminarCarreraComando comando) in C:\Users\USUARIO\Documents\5_SEMESTRE\UCB_Hold\UCB_Hold\Code\Server\src\Infrastructure\Repositories\Implementations\CarreraRepository.cs:line 20&#xD;
   at IMT_Reservas.Tests.RepositoryTests.CarreraRepositoryTest.Eliminar_LlamaExecuteSpNR_ConParametrosCorrectos() in C:\Users\USUARIO\Documents\5_SEMESTRE\UCB_Hold\UCB_Hold\Code\Tests\RepositoryTests\Implementations\CarreraRepositoryTest.cs:line 59&#xD;
   at System.RuntimeMethodHandle.InvokeMethod(Object target, Void** arguments, Signature sig, Boolean isConstructor)&#xD;
   at System.Reflection.MethodBaseInvoker.InvokeWithNoArgs(Object obj, BindingFlags invokeAttr)
</StackTrace>
        </ErrorInfo>
      </Output>
    </UnitTestResult>
    <UnitTestResult executionId="f81c6e9f-acfc-4b45-b36e-55c3d4e74793" testId="2651f8e9-e69d-4918-f183-79e78abe4113" testName="Crear_NombreVacio_RetornaInvalid" computerName="X" duration="00:00:00.0003610" startTime="2026-04-30T11:27:28.7682610-04:00" endTime="2026-04-30T11:27:28.7686223-04:00" testType="13cdc9d9-ddb5-4fa4-a97d-d965ccfc6d4b" outcome="Passed" testListId="8c84fa94-04c1-424b-9868-57a2d4851a1d" relativeResultsDirectory="f81c6e9f-acfc-4b45-b36e-55c3d4e74793" />
    <UnitTestResult executionId="39b79fb5-42b8-480d-aa7d-7da38df61e9e" testId="6303062d-fea0-e5a3-f3b2-e31b0f42734a" testName="Crear_ComandoValido_RetornaSuccess" computerName="X" duration="00:00:00.0039000" startTime="2026-04-30T11:27:28.9222756-04:00" endTime="2026-04-30T11:27:28.9261752-04:00" testType="13cdc9d9-ddb5-4fa4-a97d-d965ccfc6d4b" outcome="Passed" testListId="8c84fa94-04c1-424b-9868-57a2d4851a1d" relativeResultsDirectory="39b79fb5-42b8-480d-aa7d-7da38df61e9e" />
    <UnitTestResult executionId="6567bc42-d0e3-41c0-a071-6d3fd6500df7" testId="ee9fe202-51d5-4330-48b8-f2f8942d5abf" testName="ObtenerPorEmailYContrasena_LlamaEjecutarFuncion_YRetornaDataTable" computerName="X" duration="00:00:00.0021740" startTime="2026-04-30T11:27:28.6368341-04:00" endTime="2026-04-30T11:27:28.6390083-04:00" testType="13cdc9d9-ddb5-4fa4-a97d-d965ccfc6d4b" outcome="Failed" testListId="8c84fa94-04c1-424b-9868-57a2d4851a1d" relativeResultsDirectory="6567bc42-d0e3-41c0-a071-6d3fd6500df7">
      <Output>
        <ErrorInfo>
          <Message>System.NullReferenceException : Object reference not set to an instance of an object.</Message>
          <StackTrace>   at UsuarioRepository.ObtenerPorEmailYContrasena(String email, String contrasena) in C:\Users\USUARIO\Documents\5_SEMESTRE\UCB_Hold\UCB_Hold\Code\Server\src\Infrastructure\Repositories\Implementations\UsuarioRepository.cs:line 110&#xD;
   at IMT_Reservas.Tests.RepositoryTests.UsuarioRepositoryTest.ObtenerPorEmailYContrasena_LlamaEjecutarFuncion_YRetornaDataTable() in C:\Users\USUARIO\Documents\5_SEMESTRE\UCB_Hold\UCB_Hold\Code\Tests\RepositoryTests\Implementations\UsuarioRepositoryTest.cs:line 53&#xD;
   at System.RuntimeMethodHandle.InvokeMethod(Object target, Void** arguments, Signature sig, Boolean isConstructor)&#xD;
   at System.Reflection.MethodBaseInvoker.InvokeWithNoArgs(Object obj, BindingFlags invokeAttr)
</StackTrace>
        </ErrorInfo>
      </Output>
    </UnitTestResult>
    <UnitTestResult executionId="7928f877-a513-4fa3-9219-ce69a68d0ccd" testId="e9f22d2b-70e7-335a-f42e-de63cef311a5" testName="Repositorio_CuandoHayExcepcion_LanzaExcepcion" computerName="X" duration="00:00:00.0021600" startTime="2026-04-30T11:27:28.5203815-04:00" endTime="2026-04-30T11:27:28.5225409-04:00" testType="13cdc9d9-ddb5-4fa4-a97d-d965ccfc6d4b" outcome="Failed" testListId="8c84fa94-04c1-424b-9868-57a2d4851a1d" relativeResultsDirectory="7928f877-a513-4fa3-9219-ce69a68d0ccd">
      <Output>
        <ErrorInfo>
          <Message>  Expected: &lt;ErrorRepository&gt;&#xD;
  But was:  null&#xD;
</Message>
          <StackTrace>   at IMT_Reservas.Tests.RepositoryTests.MantenimientoRepositoryTest.Repositorio_CuandoHayExcepcion_LanzaExcepcion() in C:\Users\USUARIO\Documents\5_SEMESTRE\UCB_Hold\UCB_Hold\Code\Tests\RepositoryTests\Implementations\MantenimientoRepositoryTest.cs:line 61&#xD;

1)    at IMT_Reservas.Tests.RepositoryTests.MantenimientoRepositoryTest.Repositorio_CuandoHayExcepcion_LanzaExcepcion() in C:\Users\USUARIO\Documents\5_SEMESTRE\UCB_Hold\UCB_Hold\Code\Tests\RepositoryTests\Implementations\MantenimientoRepositoryTest.cs:line 61&#xD;

</StackTrace>
        </ErrorInfo>
      </Output>
    </UnitTestResult>
    <UnitTestResult executionId="b84a4710-2e01-46a1-a5ec-1a3663093cf8" testId="b8f4f6da-190d-d30f-9c35-ddc56016e465" testName="ActualizarComponente_Invalido_RetornaBadRequest(ActualizarComponenteComando { Id = 1, Nombre = CPU, Modelo = aaaaaaaaaaaaaaaaaaaaaaaaaaaaaaaaaaaaaaaaaaaaaaaaaaa, Tipo = Tipo, CodigoIMT = 1, Descripcion = desc, PrecioReferencia = 10, UrlDataSheet =  },ErrorLongitudInvalida: El modelo no puede exceder 50 caracteres)" computerName="X" duration="00:00:00.0000749" startTime="2026-04-30T11:27:27.7949230-04:00" endTime="2026-04-30T11:27:27.7949982-04:00" testType="13cdc9d9-ddb5-4fa4-a97d-d965ccfc6d4b" outcome="Passed" testListId="8c84fa94-04c1-424b-9868-57a2d4851a1d" relativeResultsDirectory="b84a4710-2e01-46a1-a5ec-1a3663093cf8" />
[...]
    <TestEntry testId="ee9c63f9-3b7e-ec7d-6a22-49f3a036707e" executionId="5ed60852-2c23-4b16-a6da-9922d32d0b5a" testListId="8c84fa94-04c1-424b-9868-57a2d4851a1d" />
    <TestEntry testId="35b376a8-7b81-51b0-eba9-45be74840d90" executionId="618f40d0-b67d-403b-bbe9-e25173212c15" testListId="8c84fa94-04c1-424b-9868-57a2d4851a1d" />
    <TestEntry testId="3a5059f6-f690-4f6e-7c55-508678e68a95" executionId="163a4124-ceba-42da-b768-65620f5b9cb3" testListId="8c84fa94-04c1-424b-9868-57a2d4851a1d" />
    <TestEntry testId="37748407-40f9-8e43-3dec-c70cce244dd4" executionId="240a1c48-0522-431c-b8aa-de60796456f6" testListId="8c84fa94-04c1-424b-9868-57a2d4851a1d" />
    <TestEntry testId="885b754e-7c63-4c29-cda2-f67151f582bd" executionId="e2428bf5-cdaa-42b9-ba4b-557c1e999def" testListId="8c84fa94-04c1-424b-9868-57a2d4851a1d" />
    <TestEntry testId="1caabda9-cdf3-8e3f-9999-2d37a4df55c9" executionId="b332b6f4-c98f-4ba0-be7b-44b329d7dadd" testListId="8c84fa94-04c1-424b-9868-57a2d4851a1d" />
    <TestEntry testId="8872ef31-2a20-a4e1-9022-90b7c884b04b" executionId="13fa70d5-396b-426f-a9bb-aaf55e5cd281" testListId="8c84fa94-04c1-424b-9868-57a2d4851a1d" />
    <TestEntry testId="c50b1c45-ed0a-3278-fc46-a4526c1b513d" executionId="64e51228-9890-4c30-af9b-822a20bf00d9" testListId="8c84fa94-04c1-424b-9868-57a2d4851a1d" />
    <TestEntry testId="3594bd25-1eac-28ed-a75b-c9ebd62aa2dd" executionId="8de011c5-bdfd-42be-b32e-ce0ddcab9f14" testListId="8c84fa94-04c1-424b-9868-57a2d4851a1d" />
    <TestEntry testId="2c0840a1-319f-9e30-814f-fd66646451b3" executionId="79d7ad9a-8529-47d4-a339-b5ec759450f7" testListId="8c84fa94-04c1-424b-9868-57a2d4851a1d" />
    <TestEntry testId="566d8e2e-b2c2-38ef-0754-5e683dc96df2" executionId="88999ba8-af04-47ae-8385-dd24d5e53a23" testListId="8c84fa94-04c1-424b-9868-57a2d4851a1d" />
    <TestEntry testId="01144dd0-94b8-0a9a-8496-61b931023631" executionId="bf0c0196-7622-425e-a30a-f0f0ee79fd8c" testListId="8c84fa94-04c1-424b-9868-57a2d4851a1d" />
    <TestEntry testId="67e357bf-069b-b883-237f-2fde63c35662" executionId="90692710-6b5a-4c65-9960-fc6b67bb34a9" testListId="8c84fa94-04c1-424b-9868-57a2d4851a1d" />
    <TestEntry testId="32a2a7e7-79ff-3f4a-3880-753966e8533b" executionId="d5b24ba8-57ad-4be4-9fc2-ecf7837390ff" testListId="8c84fa94-04c1-424b-9868-57a2d4851a1d" />
    <TestEntry testId="ade5c8f9-62fc-cf08-bca2-025254ace3db" executionId="9e81e0d2-57d0-4697-be22-9f08fc4d06f7" testListId="8c84fa94-04c1-424b-9868-57a2d4851a1d" />
    <TestEntry testId="90c0b574-e6e0-8ad7-9a17-8f13e1c773f9" executionId="6a634450-9331-4ac2-ac26-133465a3f6cf" testListId="8c84fa94-04c1-424b-9868-57a2d4851a1d" />
    <TestEntry testId="0de9d753-f716-0460-2e19-bcb16fa96054" executionId="f0fe5df4-7ea4-45cb-b85d-25ce3863bdf3" testListId="8c84fa94-04c1-424b-9868-57a2d4851a1d" />
    <TestEntry testId="25c8460f-c110-065e-0fa4-6181584a8441" executionId="47971e48-464f-45fa-abb8-56b092be305b" testListId="8c84fa94-04c1-424b-9868-57a2d4851a1d" />
    <TestEntry testId="80a67aa7-d1f6-66a6-2edc-3bdea7d16487" executionId="90a57a50-2958-4ad0-9f5a-ad4f2c416078" testListId="8c84fa94-04c1-424b-9868-57a2d4851a1d" />
    <TestEntry testId="159ec3c5-ee42-ba55-0972-a941ad75bcab" executionId="8583730a-4911-41b7-ae21-c0c5e372e5b8" testListId="8c84fa94-04c1-424b-9868-57a2d4851a1d" />
    <TestEntry testId="75314e9b-d2be-c27f-af64-b408d871338b" executionId="c6183362-aaaf-4cb6-8a04-34ba044b39fe" testListId="8c84fa94-04c1-424b-9868-57a2d4851a1d" />
    <TestEntry testId="37abb769-6f81-355c-de9f-ddfabb4f8274" executionId="0e6078cb-02b0-4d84-b6e6-084a193681f6" testListId="8c84fa94-04c1-424b-9868-57a2d4851a1d" />
    <TestEntry testId="fab16e21-c040-af27-3d3c-dcde8e35b0b4" executionId="af674294-95a8-4a00-8d39-5a2439ff7c9f" testListId="8c84fa94-04c1-424b-9868-57a2d4851a1d" />
    <TestEntry testId="843c6a15-fda7-f5f5-1ab0-9f4a40987ea4" executionId="d0c66749-12c5-4df8-bb9a-53c46f8f8526" testListId="8c84fa94-04c1-424b-9868-57a2d4851a1d" />
    <TestEntry testId="09a96dd3-a82e-ec86-edd9-46da07ecc95e" executionId="c367b58b-438d-4839-b648-8235443bbc86" testListId="8c84fa94-04c1-424b-9868-57a2d4851a1d" />
    <TestEntry testId="9dd7f4d4-c3f0-1953-e6c6-655f284406c4" executionId="7e6ac7d9-20f3-4e14-83a1-7141d9cabc90" testListId="8c84fa94-04c1-424b-9868-57a2d4851a1d" />
    <TestEntry testId="71f582d4-f70a-19c9-4df3-41bb26b77b25" executionId="be89bae7-41ff-4a44-8f35-1adf13cac4eb" testListId="8c84fa94-04c1-424b-9868-57a2d4851a1d" />
    <TestEntry testId="9b73120f-c307-15a6-2fa3-e126c5d308e1" executionId="5e95d272-8c5b-40ae-bf71-4b8f40b07000" testListId="8c84fa94-04c1-424b-9868-57a2d4851a1d" />
    <TestEntry testId="a49a6480-5f31-3c3c-58ad-702693e7b1be" executionId="2d0bcaa8-00bb-43e3-a7be-28ac89dde50e" testListId="8c84fa94-04c1-424b-9868-57a2d4851a1d" />
    <TestEntry testId="d41c1a1d-2a0f-cc80-5719-c2c956558769" executionId="25a89423-782c-448a-a5bd-ba0416ff168f" testListId="8c84fa94-04c1-424b-9868-57a2d4851a1d" />
    <TestEntry testId="02b06f56-ca2d-6277-0c21-5db911457ce4" executionId="15acfb56-3742-45be-802c-b7c15cdfa551" testListId="8c84fa94-04c1-424b-9868-57a2d4851a1d" />
    <TestEntry testId="00d47aea-4827-f5e5-ad73-36fd4ca2eba8" executionId="93ad1637-c6d7-443f-8e97-d8721fdc2dbd" testListId="8c84fa94-04c1-424b-9868-57a2d4851a1d" />
    <TestEntry testId="15586825-fbbc-2604-fe1f-4fd413c3b3c0" executionId="9daadd5b-f351-4062-8255-c31e442e0403" testListId="8c84fa94-04c1-424b-9868-57a2d4851a1d" />
    <TestEntry testId="2bdf63a0-1faa-30ef-f883-655fa76e3a06" executionId="20f07d2d-a99d-4050-b8ac-e43600f93bb4" testListId="8c84fa94-04c1-424b-9868-57a2d4851a1d" />
    <TestEntry testId="745532c8-a948-1bfa-234d-d7875adfd3c4" executionId="5e47e5ab-1aed-4805-823b-020ccf6621c3" testListId="8c84fa94-04c1-424b-9868-57a2d4851a1d" />
    <TestEntry testId="feb0b210-4168-5a0f-7017-2d5883e05a3c" executionId="73b0b9f2-4049-42d0-a186-50bb57d47d7b" testListId="8c84fa94-04c1-424b-9868-57a2d4851a1d" />
    <TestEntry testId="41fe15e2-7ca9-a658-018f-1decfe135cdb" executionId="d0d6af88-d985-46af-a079-8caeabfb4b8c" testListId="8c84fa94-04c1-424b-9868-57a2d4851a1d" />
    <TestEntry testId="b5858e12-af17-8851-1d89-18a8317996d5" executionId="bc0ab59a-a246-488e-9d0f-7d7ed9c06d83" testListId="8c84fa94-04c1-424b-9868-57a2d4851a1d" />
    <TestEntry testId="46ad96a2-ca2e-ba01-49e0-58bfa8edae29" executionId="e0659f93-3b8d-43a5-9749-95ac1f7c03cb" testListId="8c84fa94-04c1-424b-9868-57a2d4851a1d" />
    <TestEntry testId="1f26dda0-71a3-63c7-a9f6-d47ad606357b" executionId="4c039ba4-5c2e-4781-adff-81068f09f042" testListId="8c84fa94-04c1-424b-9868-57a2d4851a1d" />
    <TestEntry testId="1b968452-bfaa-598b-9f45-3271ea77133c" executionId="d017a9bc-8485-4d37-b210-7a30a734a825" testListId="8c84fa94-04c1-424b-9868-57a2d4851a1d" />
    <TestEntry testId="f17a6b29-da43-1f40-a1d8-54f15c515f82" executionId="ae9729c2-e205-4429-aa26-966e215a808c" testListId="8c84fa94-04c1-424b-9868-57a2d4851a1d" />
    <TestEntry testId="b14489f6-1a56-19f3-6132-bfebc1d6c91f" executionId="888cd50c-aaa7-4fa7-be6b-e63c72243b5c" testListId="8c84fa94-04c1-424b-9868-57a2d4851a1d" />
    <TestEntry testId="bad1bcc5-97e4-0d02-12ac-3e093edd37fa" executionId="861c47d9-a608-43cb-addb-0d20b561b98f" testListId="8c84fa94-04c1-424b-9868-57a2d4851a1d" />
    <TestEntry testId="a3ab8463-8b26-6bc7-ef6e-e99c0a44acd3" executionId="ccbacfb1-f002-4d8d-a03d-0db5e1b82339" testListId="8c84fa94-04c1-424b-9868-57a2d4851a1d" />
    <TestEntry testId="398e77e4-b24c-2abd-8b2d-164e3fa4695d" executionId="2ab674cf-adae-425f-b82a-1491562e9c6f" testListId="8c84fa94-04c1-424b-9868-57a2d4851a1d" />
    <TestEntry testId="739a13b3-dd54-e09e-05bd-048d03b29637" executionId="1d080753-5b7f-4752-bb10-7b0e6aded9ec" testListId="8c84fa94-04c1-424b-9868-57a2d4851a1d" />
    <TestEntry testId="441a11d6-b1d6-8b9c-5842-56c30b7a4411" executionId="76861f1c-a0eb-4efe-8a32-af5072a3fdc7" testListId="8c84fa94-04c1-424b-9868-57a2d4851a1d" />
    <TestEntry testId="7c5a9e6c-b46c-4ef5-eaf0-cbd39ce21f62" executionId="4b84bd8b-3564-4edd-b6ad-a534c999c12a" testListId="8c84fa94-04c1-424b-9868-57a2d4851a1d" />
    <TestEntry testId="05d40f69-9c2f-6175-3e12-4809bc0ea094" executionId="59222332-b2ef-482f-bb56-721e0b5c2a1a" testListId="8c84fa94-04c1-424b-9868-57a2d4851a1d" />
    <TestEntry testId="f73ab188-fbc4-c2c0-d35a-65b96771fd2a" executionId="9cc50c6d-bf98-4e9e-b05a-04055289b1b0" testListId="8c84fa94-04c1-424b-9868-57a2d4851a1d" />
    <TestEntry testId="4abd1401-5ec1-132a-55dd-55141188d2b3" executionId="29f2bd48-d5c6-4b44-9729-d61d4d18cbd8" testListId="8c84fa94-04c1-424b-9868-57a2d4851a1d" />
    <TestEntry testId="b6639ec3-dfb8-0eb3-917c-2b6fd15ebeba" executionId="7676fca9-2af2-40b8-bc5a-6d08cb15aa38" testListId="8c84fa94-04c1-424b-9868-57a2d4851a1d" />
    <TestEntry testId="df633749-0d88-c4d4-655b-f665c0c5836e" executionId="e549ced5-c5e5-4b00-85cc-b002a8d58188" testListId="8c84fa94-04c1-424b-9868-57a2d4851a1d" />
    <TestEntry testId="8f3e1ca5-75e6-7467-8a52-ef96a0a651c2" executionId="2ade4b14-661f-43b6-9bb6-a221052b9d08" testListId="8c84fa94-04c1-424b-9868-57a2d4851a1d" />
    <TestEntry testId="367f12e8-74ab-5199-37ff-7038a4629968" executionId="89cbc297-adba-42af-ae1f-e23030c3da45" testListId="8c84fa94-04c1-424b-9868-57a2d4851a1d" />
    <TestEntry testId="63353d9d-0ad6-ca9a-251e-ce5ac95ba6a6" executionId="b424ab66-2715-472a-9da7-352d7de8ed61" testListId="8c84fa94-04c1-424b-9868-57a2d4851a1d" />
    <TestEntry testId="ec978302-54dd-7216-d068-a2c37c004228" executionId="663a97b3-c183-463a-9614-7c1d0f7919dc" testListId="8c84fa94-04c1-424b-9868-57a2d4851a1d" />
    <TestEntry testId="1c835f14-3c68-66df-9c74-d01a0db763ee" executionId="1a5304bc-0783-447e-90b1-b2ba06a1d6c5" testListId="8c84fa94-04c1-424b-9868-57a2d4851a1d" />
    <TestEntry testId="87768b10-e465-2611-35f6-99a56b671243" executionId="1a3edd30-d0e9-4af4-8c30-97bf757ebc97" testListId="8c84fa94-04c1-424b-9868-57a2d4851a1d" />
    <TestEntry testId="62914767-49f2-7b2f-92c3-b161a3b095d7" executionId="06bc4328-0746-421c-aed8-34233f1b9a5a" testListId="8c84fa94-04c1-424b-9868-57a2d4851a1d" />
    <TestEntry testId="deaeb9d8-d9c2-41be-ff4d-04aefefd1391" executionId="d1b6ea39-0f96-4aa8-a843-0a3872918f78" testListId="8c84fa94-04c1-424b-9868-57a2d4851a1d" />
    <TestEntry testId="109d8d8e-b0ec-8870-9f84-27b50c0a92c3" executionId="70ab1332-6762-40d1-be45-a11e8b91d005" testListId="8c84fa94-04c1-424b-9868-57a2d4851a1d" />
    <TestEntry testId="59a4d42a-835d-1fef-2249-31faa0d692be" executionId="c056ba46-d09a-4960-bc75-f500d157a70c" testListId="8c84fa94-04c1-424b-9868-57a2d4851a1d" />
    <TestEntry testId="8e35de20-0047-7cd2-8346-9f3797a643d9" executionId="2ea03add-184c-47f7-bbc9-5a0b5687c135" testListId="8c84fa94-04c1-424b-9868-57a2d4851a1d" />
    <TestEntry testId="066e09b1-cc67-6f07-f22b-3d38ae60a212" executionId="d2704cab-2bba-490f-9dc2-001cdd127ae5" testListId="8c84fa94-04c1-424b-9868-57a2d4851a1d" />
    <TestEntry testId="4f9335b3-5e93-595b-13d4-dc0da44e7a8f" executionId="1ead5467-9c10-4009-94f5-e9fe40d54e68" testListId="8c84fa94-04c1-424b-9868-57a2d4851a1d" />
    <TestEntry testId="bbd8af60-4172-340b-1fac-2981338f6ae9" executionId="7a5e7b0e-fb21-4144-a6f8-d1247f5bac20" testListId="8c84fa94-04c1-424b-9868-57a2d4851a1d" />
    <TestEntry testId="d72d0619-3fa2-cabd-f250-3634ae927976" executionId="0d7f376a-d497-4282-90e0-53563855408b" testListId="8c84fa94-04c1-424b-9868-57a2d4851a1d" />
    <TestEntry testId="d333dd62-7f73-c3d9-0ac5-ad2e127ca9db" executionId="a4a20c54-7cc5-467c-9aa9-b92ed8899c0a" testListId="8c84fa94-04c1-424b-9868-57a2d4851a1d" />
    <TestEntry testId="471f532f-8781-3414-8ffc-cd3c30e25e1b" executionId="d0039b23-0972-4aab-9a80-9d8f1d7bd997" testListId="8c84fa94-04c1-424b-9868-57a2d4851a1d" />
    <TestEntry testId="392a9fe1-688a-d6c2-7d35-f226166fb87f" executionId="3a3945d8-4e76-4b31-bc70-c59399a4b497" testListId="8c84fa94-04c1-424b-9868-57a2d4851a1d" />
    <TestEntry testId="fc35f066-7808-f956-cd5f-481cd9286873" executionId="35dd1951-21a5-4476-bd00-466ba9e1a86b" testListId="8c84fa94-04c1-424b-9868-57a2d4851a1d" />
    <TestEntry testId="86d25aeb-3650-0ef0-6dca-33e8966731a0" executionId="5661e6f1-fdd7-49ad-a156-72e9cafe1362" testListId="8c84fa94-04c1-424b-9868-57a2d4851a1d" />
    <TestEntry testId="156f1f02-c2f2-b38a-84d9-c48f502479ac" executionId="f4ef6fc0-20a0-4638-81df-784e87792ebf" testListId="8c84fa94-04c1-424b-9868-57a2d4851a1d" />
    <TestEntry testId="8d859ff8-45dd-2bd8-d030-6893f51f8369" executionId="0a0fb663-e2bf-460a-a82a-21e1738d63c5" testListId="8c84fa94-04c1-424b-9868-57a2d4851a1d" />
    <TestEntry testId="68c3b441-abb5-71b3-5bd5-43125a488f67" executionId="d4c20260-bbe4-4e6a-8790-842a02f16ead" testListId="8c84fa94-04c1-424b-9868-57a2d4851a1d" />
    <TestEntry testId="605dc34d-cd7d-c54a-c832-d526c6085081" executionId="5c0dbf15-c1f1-4e63-b91a-5b68ccbbcaf6" testListId="8c84fa94-04c1-424b-9868-57a2d4851a1d" />
    <TestEntry testId="11cf4224-4d5b-ac47-75f4-b2cc154c207a" executionId="2285bffa-1993-4033-8e03-7ec649380d07" testListId="8c84fa94-04c1-424b-9868-57a2d4851a1d" />
    <TestEntry testId="9c54c683-796a-5aaa-5136-8723bdadca32" executionId="cb529565-a518-41ba-81aa-b56c51b3f1b2" testListId="8c84fa94-04c1-424b-9868-57a2d4851a1d" />
    <TestEntry testId="39cf1217-28f9-ca6e-98df-1f413d3d5b10" executionId="794ec651-6209-446d-b320-6d76503d9a47" testListId="8c84fa94-04c1-424b-9868-57a2d4851a1d" />
    <TestEntry testId="47c3921e-9d02-f61f-237a-40972f3f189e" executionId="2019591f-6503-40d8-a1d5-d92d928d5332" testListId="8c84fa94-04c1-424b-9868-57a2d4851a1d" />
    <TestEntry testId="6d470b7b-b328-9e53-6913-55b84766daf4" executionId="9818b058-1c96-4da3-b04c-0fd1cdc174ad" testListId="8c84fa94-04c1-424b-9868-57a2d4851a1d" />
    <TestEntry testId="2d334914-2a48-7750-3b81-8450438e98c0" executionId="e5aa4b41-fd12-4298-ba37-711d4f413744" testListId="8c84fa94-04c1-424b-9868-57a2d4851a1d" />
    <TestEntry testId="b2ab9d78-ba15-b7ec-c339-d910a0538eb1" executionId="b586a04e-e508-4b86-b6d2-6ed66808c02c" testListId="8c84fa94-04c1-424b-9868-57a2d4851a1d" />
    <TestEntry testId="8ee6c6b2-4eaa-725a-fff9-fda54ce71dee" executionId="3176b228-2597-42bd-b9f2-35274c913b83" testListId="8c84fa94-04c1-424b-9868-57a2d4851a1d" />
    <TestEntry testId="0f37140d-d0a3-4b91-120e-c5f60fcc524f" executionId="38e3fe21-fcb5-4285-88ef-3fb3e94f52f2" testListId="8c84fa94-04c1-424b-9868-57a2d4851a1d" />
    <TestEntry testId="7c365a95-f6ab-746c-3514-ed18387b6211" executionId="a2e292ad-0a8d-40a2-9a7b-6dabad415742" testListId="8c84fa94-04c1-424b-9868-57a2d4851a1d" />
    <TestEntry testId="9d4d1f7f-708e-0b52-e257-63bcccf62578" executionId="4e55e7e1-9748-409e-b779-b0f3bdd5fe39" testListId="8c84fa94-04c1-424b-9868-57a2d4851a1d" />
    <TestEntry testId="e8203982-016b-b3da-979b-039f9b2e6839" executionId="a1f3e777-1c7c-42db-bf1f-5946618ddfc4" testListId="8c84fa94-04c1-424b-9868-57a2d4851a1d" />
    <TestEntry testId="2f8a1d9c-a553-e01f-c25a-36b18d43fce1" executionId="93fd37d3-37e4-4e6a-8047-0698abb46c2b" testListId="8c84fa94-04c1-424b-9868-57a2d4851a1d" />
    <TestEntry testId="8146da9f-86b4-f248-9380-f8e31ca46405" executionId="2f9ede80-1a28-47f2-aead-3de28bf24e07" testListId="8c84fa94-04c1-424b-9868-57a2d4851a1d" />
    <TestEntry testId="c430a08f-c169-d805-53c7-da4722ea910a" executionId="5ab42b4e-c917-451d-a38c-e879de49ba44" testListId="8c84fa94-04c1-424b-9868-57a2d4851a1d" />
    <TestEntry testId="f264fcd0-ae89-ddc2-e3a7-afd3f325d142" executionId="6fec4196-32d4-46f2-ba69-95754df305b4" testListId="8c84fa94-04c1-424b-9868-57a2d4851a1d" />
    <TestEntry testId="aec554d6-826c-b051-377e-3def25bbd4e7" executionId="6f38265b-bec1-4e8a-ac54-5f5615f994ae" testListId="8c84fa94-04c1-424b-9868-57a2d4851a1d" />
    <TestEntry testId="a6ec565a-2895-9306-c46a-02c10ee62b66" executionId="a375fcfe-e304-4480-be48-2d00166be9cd" testListId="8c84fa94-04c1-424b-9868-57a2d4851a1d" />
    <TestEntry testId="ea776814-f3cd-4af7-1140-652a0ee70047" executionId="e4dce5e7-bd62-4619-8b5a-cf1000cf03af" testListId="8c84fa94-04c1-424b-9868-57a2d4851a1d" />
    <TestEntry testId="653a92cf-580c-972b-49d3-8e1449b723ad" executionId="46c00dd2-0f61-4dad-b088-aa96f5a555bb" testListId="8c84fa94-04c1-424b-9868-57a2d4851a1d" />
    <TestEntry testId="30401a22-0612-d32d-6518-23adfcbee100" executionId="9d4d0d8b-3566-458e-b80d-4e104c5c474d" testListId="8c84fa94-04c1-424b-9868-57a2d4851a1d" />
    <TestEntry testId="65f0a407-a247-3b64-8d93-514e52f3d15a" executionId="ab80635b-a55d-4fa9-810a-4eb5665986f9" testListId="8c84fa94-04c1-424b-9868-57a2d4851a1d" />
    <TestEntry testId="acb3299e-7002-f9b3-59db-0a85bd7a20e5" executionId="33d44056-bc54-43c9-a226-3e82c2ffaa3c" testListId="8c84fa94-04c1-424b-9868-57a2d4851a1d" />
    <TestEntry testId="5221a61f-e003-4b34-1ec3-58a9fd2bfe60" executionId="6b57a72f-f32b-454f-8279-7ab43010b203" testListId="8c84fa94-04c1-424b-9868-57a2d4851a1d" />
    <TestEntry testId="6835588b-018a-a12a-98ce-8afc63e7cf2a" executionId="633d8758-615a-4c0c-8c09-cf0712483de4" testListId="8c84fa94-04c1-424b-9868-57a2d4851a1d" />
    <TestEntry testId="29e5467e-69a5-745d-7293-2802cf144207" executionId="504d2df2-da1c-4bc3-85b3-1422bb9eb0ff" testListId="8c84fa94-04c1-424b-9868-57a2d4851a1d" />
    <TestEntry testId="626f05bb-bd77-97ce-a44f-27a832f00d92" executionId="e311102c-b0ba-47d9-b0b9-8397073c6d1d" testListId="8c84fa94-04c1-424b-9868-57a2d4851a1d" />
    <TestEntry testId="459d8de4-fc24-b47b-b04e-5299f5c947b8" executionId="d1db3200-2129-4ac0-b08b-f6555f343a55" testListId="8c84fa94-04c1-424b-9868-57a2d4851a1d" />
    <TestEntry testId="ce77a7cd-e0ce-de48-6e2d-2b6cf9809d4e" executionId="52ac09db-0be0-48d1-b9f7-0cca49e8153f" testListId="8c84fa94-04c1-424b-9868-57a2d4851a1d" />
    <TestEntry testId="5b4821b0-b2a3-3550-422e-b318d60d3ea6" executionId="ac8ae1cf-96fe-42b9-9a31-c3dabb34cbf7" testListId="8c84fa94-04c1-424b-9868-57a2d4851a1d" />
    <TestEntry testId="13c878fc-03c5-782b-ab0a-248057c177c7" executionId="02592a8d-98cb-42f4-9b25-ddb01cf408c0" testListId="8c84fa94-04c1-424b-9868-57a2d4851a1d" />
    <TestEntry testId="3995db0f-8bb7-4f58-4444-d3881bc0b673" executionId="eb2f5525-7859-47b7-9d10-eeafbfcf5368" testListId="8c84fa94-04c1-424b-9868-57a2d4851a1d" />
    <TestEntry testId="3f955a90-e2c0-1b30-683d-8574fecb0d4f" executionId="3e341e51-b668-4498-b6f0-5f259e65bd65" testListId="8c84fa94-04c1-424b-9868-57a2d4851a1d" />
    <TestEntry testId="1697db87-ad76-072d-f4eb-1f1b13423677" executionId="86bd7a5a-5d8c-416c-a5a4-1063ed560fbe" testListId="8c84fa94-04c1-424b-9868-57a2d4851a1d" />
    <TestEntry testId="ea238ea0-4081-c770-43dc-8e045ccd9e8a" executionId="2e2f345a-69cf-4014-8b69-af091b09148c" testListId="8c84fa94-04c1-424b-9868-57a2d4851a1d" />
    <TestEntry testId="dc19cc98-213a-37d0-86ea-4164866b1b62" executionId="80c10301-d8d4-4708-926e-0b7437a42e63" testListId="8c84fa94-04c1-424b-9868-57a2d4851a1d" />
    <TestEntry testId="3ff8f513-02e7-e8c3-ac1e-1299651e3cba" executionId="70287b12-cb67-4717-ade1-103e2e028bdc" testListId="8c84fa94-04c1-424b-9868-57a2d4851a1d" />
  </TestEntries>
  <TestLists>
    <TestList name="Resultados sin formato de lista" id="8c84fa94-04c1-424b-9868-57a2d4851a1d" />
    <TestList name="Todos los resultados cargados" id="19431567-8539-422a-85d7-44ee4e166bda" />
  </TestLists>
  <ResultSummary outcome="Failed">
    <Counters total="467" executed="467" passed="390" failed="77" error="0" timeout="0" aborted="0" inconclusive="0" passedButRunAborted="0" notRunnable="0" notExecuted="0" disconnected="0" warning="0" completed="0" inProgress="0" pending="0" />
    <Output>
      <StdOut>NUnit Adapter 4.5.0.0: Test execution started&#xD;
Running all tests in C:\Users\USUARIO\Documents\5_SEMESTRE\UCB_Hold\UCB_Hold\Code\Tests\bin\Debug\net8.0\IMT_Reservas.Tests.dll&#xD;
   NUnit3TestExecutor discovered 467 of 467 NUnit test cases using Current Discovery mode, Non-Explicit run&#xD;
Crear_CodigoImtInvalido_RetornaInvalid: Este test está implementado&#xD;
NUnit Adapter 4.5.0.0: Test execution complete&#xD;
</StdOut>
    </Output>
  </ResultSummary>
</TestRun>